{
    "BatteryMeasurement": [
        {
             "DataTransfer": "10",
             "TransferInterval": "40",
             "Battery Consumption": 9
        },
        {
             "DataTransfer": "100",
             "TransferInterval": "40",
             "Battery Consumption": 24
        },
        {
             "DataTransfer": "10",
             "TransferInterval": "120",
             "Battery Consumption": 5
        },
        {
             "DataTransfer": "100",
             "TransferInterval": "120",
             "Battery Consumption": 11
        }
    ]
}