{
   "ContentMatrix":{
      "bafybeia3z5mtfi4oy7q66r3b24r663dlzdss34yfvgxzd5aets6yodzvnq":{
         "Tag":"2021-11-07 05:48:56.797020501 +0000 UTC m=+132.339687919",
         "Size":50000000,
         "AvgSpeed":3.667978,
         "DownloadStartedAt":1636264200,
         "DownloadFinishedAt":1636264213,
         "ProvidedBy":[

         ]
      },
      "bafybeiagu7qce6sieuebqxuuyrnng5oqvuqdjtcbx2rc3v5ohad26ibtre":{
         "Tag":"2021-11-07 05:57:21.127174996 +0000 UTC m=+279.760188800",
         "Size":50000000,
         "AvgSpeed":4.7683716,
         "DownloadStartedAt":1636264677,
         "DownloadFinishedAt":1636264687,
         "ProvidedBy":[
            "Qmf7tCAgTHVnCK6LcaPx36HgAoD76vfzSXw4zaNznnwzci"
         ]
      },
      "bafybeib62r3caxnycbonbjw36szwm235z7zqpqgeqf6t4pmuxgqxksfh3i":{
         "Tag":"2021-11-07 06:40:25.365307342 +0000 UTC m=+2681.950722832",
         "Size":50000000,
         "AvgSpeed":5.9604645,
         "DownloadStartedAt":1636267237,
         "DownloadFinishedAt":1636267245,
         "ProvidedBy":[
            "Qmf7tCAgTHVnCK6LcaPx36HgAoD76vfzSXw4zaNznnwzci"
         ]
      },
      "bafybeibleknkvke2sd4jpl4xqs46yawm5zclm77mnecogt2czxq346wwsm":{
         "Tag":"2021-11-07 06:22:37.372380407 +0000 UTC m=+1796.005394211",
         "Size":50000000,
         "AvgSpeed":4.7683716,
         "DownloadStartedAt":1636266169,
         "DownloadFinishedAt":1636266179,
         "ProvidedBy":[
            "Qmf7tCAgTHVnCK6LcaPx36HgAoD76vfzSXw4zaNznnwzci"
         ]
      },
      "bafybeibmey45dj257ulltnioz3fkicsnn47k5dpr6xdo5txe6nwj7pfs3y":{
         "Tag":"2021-11-07 06:18:24.332827066 +0000 UTC m=+1542.965840870",
         "Size":50000000,
         "AvgSpeed":5.2981906,
         "DownloadStartedAt":1636265940,
         "DownloadFinishedAt":1636265949,
         "ProvidedBy":[
            "Qmf7tCAgTHVnCK6LcaPx36HgAoD76vfzSXw4zaNznnwzci"
         ]
      },
      "bafybeic4zebogf5tpos4sfmwixrhnpy7psx64ukxpkcaabdrqjgpb7ttbm":{
         "Tag":"2021-11-07 06:46:45.422655217 +0000 UTC m=+3062.008070656",
         "Size":50000000,
         "AvgSpeed":9.536743,
         "DownloadStartedAt":1636267653,
         "DownloadFinishedAt":1636267658,
         "ProvidedBy":[
            "Qmf7tCAgTHVnCK6LcaPx36HgAoD76vfzSXw4zaNznnwzci"
         ]
      },
      "bafybeicj5ztrq7nyuxtlog3i3lh7vkcrntovbyhsmfrbllsjn7p3swbdbi":{
         "Tag":"2021-11-07 06:29:52.443362479 +0000 UTC m=+2049.028777969",
         "Size":50000000,
         "AvgSpeed":6.8119593,
         "DownloadStartedAt":1636266610,
         "DownloadFinishedAt":1636266617,
         "ProvidedBy":[
            "Qmf7tCAgTHVnCK6LcaPx36HgAoD76vfzSXw4zaNznnwzci"
         ]
      },
      "bafybeicruao2eg7q5sxtijm6tg6mnwj45bc65fkwk7sv3zc6ivaul4x3s4":{
         "Tag":"2021-11-07 05:53:08.90929978 +0000 UTC m=+27.542313584",
         "Size":50000000,
         "AvgSpeed":6.8119593,
         "DownloadStartedAt":1636264533,
         "DownloadFinishedAt":1636264540,
         "ProvidedBy":[
            "Qmf7tCAgTHVnCK6LcaPx36HgAoD76vfzSXw4zaNznnwzci"
         ]
      },
      "bafybeicsbvb562xlqwnmcky5odduhbrrxomfl4mprlto7udfe32js2m2ue":{
         "Tag":"2021-11-07 06:12:05.158088148 +0000 UTC m=+1163.791102057",
         "Size":50000000,
         "AvgSpeed":9.536743,
         "DownloadStartedAt":1636265567,
         "DownloadFinishedAt":1636265572,
         "ProvidedBy":[
            "Qmf7tCAgTHVnCK6LcaPx36HgAoD76vfzSXw4zaNznnwzci"
         ]
      },
      "bafybeicz3dorgvpsszqfu3s3fh3p7k7aekzfkzp6opyv7574xqf47vl2qi":{
         "Tag":"2021-11-07 06:20:30.831402279 +0000 UTC m=+1669.464416395",
         "Size":50000000,
         "AvgSpeed":6.8119593,
         "DownloadStartedAt":1636266049,
         "DownloadFinishedAt":1636266056,
         "ProvidedBy":[
            "Qmf7tCAgTHVnCK6LcaPx36HgAoD76vfzSXw4zaNznnwzci"
         ]
      },
      "bafybeicz7ep775pcikfzjquixv6cbzrwgaq6anu76mio7l3z3d5t6i7v6m":{
         "Tag":"2021-11-07 06:36:12.177763167 +0000 UTC m=+2428.763178605",
         "Size":50000000,
         "AvgSpeed":9.536743,
         "DownloadStartedAt":1636267004,
         "DownloadFinishedAt":1636267009,
         "ProvidedBy":[

         ]
      },
      "bafybeid4dvhtru7vc5mt3mjxhsatv2tezfrkxflggbto2i7l6sxz5fucym":{
         "Tag":"2021-11-07 06:09:58.770017624 +0000 UTC m=+1037.403031428",
         "Size":50000000,
         "AvgSpeed":9.536743,
         "DownloadStartedAt":1636265440,
         "DownloadFinishedAt":1636265445,
         "ProvidedBy":[
            "Qmf7tCAgTHVnCK6LcaPx36HgAoD76vfzSXw4zaNznnwzci"
         ]
      },
      "bafybeidjey6hfk2s43g2hhsfpu56yo4nbxjlu6tidbjtxumlmythf3nnfa":{
         "Tag":"2021-11-07 05:46:50.947549299 +0000 UTC m=+6.490216613",
         "Size":50000000,
         "AvgSpeed":3.4059796,
         "DownloadStartedAt":1636264200,
         "DownloadFinishedAt":1636264214,
         "ProvidedBy":[
            "Qmf7tCAgTHVnCK6LcaPx36HgAoD76vfzSXw4zaNznnwzci"
         ]
      },
      "bafybeidnxchelbmlcbptkihkres3edvkh7tbczwmjrurpzggi5of7oxbkm":{
         "Tag":"2021-11-07 06:14:11.542844871 +0000 UTC m=+1290.175858675",
         "Size":50000000,
         "AvgSpeed":5.2981906,
         "DownloadStartedAt":1636265688,
         "DownloadFinishedAt":1636265697,
         "ProvidedBy":[
            "Qmf7tCAgTHVnCK6LcaPx36HgAoD76vfzSXw4zaNznnwzci"
         ]
      },
      "bafybeidpr3pbr3p2hn6kknx2vtrxsslyrrahjqi73q7jcagnbchy6febem":{
         "Tag":"2021-11-07 05:55:14.941365617 +0000 UTC m=+153.574379473",
         "Size":50000000,
         "AvgSpeed":6.8119593,
         "DownloadStartedAt":1636264533,
         "DownloadFinishedAt":1636264540,
         "ProvidedBy":[
            "Qmf7tCAgTHVnCK6LcaPx36HgAoD76vfzSXw4zaNznnwzci"
         ]
      },
      "bafybeiebyso76tdlxa3dgz3gs7s5ccjmlgi2m7kehimud7lxlpdeo6k4m4":{
         "Tag":"2021-11-07 05:50:28.635661403 +0000 UTC m=+37.308097071",
         "Size":50000000,
         "AvgSpeed":9.536743,
         "DownloadStartedAt":1636264370,
         "DownloadFinishedAt":1636264375,
         "ProvidedBy":[

         ]
      },
      "bafybeiecyjxkvhsc2ey7taxdoejqzu6us5zwdtzjtjvn6myq57lgbsb5xm":{
         "Tag":"2021-11-07 06:50:58.740982517 +0000 UTC m=+3315.326397955",
         "Size":50000000,
         "AvgSpeed":6.8119593,
         "DownloadStartedAt":1636267876,
         "DownloadFinishedAt":1636267883,
         "ProvidedBy":[
            "Qmf7tCAgTHVnCK6LcaPx36HgAoD76vfzSXw4zaNznnwzci"
         ]
      },
      "bafybeiehjj3jpys6wofcoakfjre7xhgtorubb7a47ntw6gdjouvbjpgibi":{
         "Tag":"2021-11-07 06:07:52.441175797 +0000 UTC m=+911.074189601",
         "Size":50000000,
         "AvgSpeed":4.7683716,
         "DownloadStartedAt":1636265308,
         "DownloadFinishedAt":1636265318,
         "ProvidedBy":[
            "Qmf7tCAgTHVnCK6LcaPx36HgAoD76vfzSXw4zaNznnwzci"
         ]
      },
      "bafybeiesklcjzovzaxt3iofvbyrwk42s73aqzanpg6o6s7xwcuvdooraze":{
         "Tag":"2021-11-07 06:44:38.698758495 +0000 UTC m=+2935.284173933",
         "Size":50000000,
         "AvgSpeed":5.2981906,
         "DownloadStartedAt":1636267515,
         "DownloadFinishedAt":1636267524,
         "ProvidedBy":[
            "Qmf7tCAgTHVnCK6LcaPx36HgAoD76vfzSXw4zaNznnwzci"
         ]
      },
      "bafybeietvku46tdp27hnqxlis3g33tdsi7eaifx62lqhpcoo3r5l33g4y4":{
         "Tag":"2021-11-07 06:34:05.559745559 +0000 UTC m=+2302.145161050",
         "Size":50000000,
         "AvgSpeed":9.536743,
         "DownloadStartedAt":1636266869,
         "DownloadFinishedAt":1636266874,
         "ProvidedBy":[
            "Qmf7tCAgTHVnCK6LcaPx36HgAoD76vfzSXw4zaNznnwzci"
         ]
      },
      "bafybeiezfj3mecw5wicqc3hkilwcujc2luv6vs5hcvba7pdjwjvkygis3e":{
         "Tag":"2021-11-07 06:38:18.794545879 +0000 UTC m=+2555.379961318",
         "Size":50000000,
         "AvgSpeed":7.947286,
         "DownloadStartedAt":1636267182,
         "DownloadFinishedAt":1636267188,
         "ProvidedBy":[
            "Qmf7tCAgTHVnCK6LcaPx36HgAoD76vfzSXw4zaNznnwzci"
         ]
      },
      "bafybeif3x5yxkrm4dvwyrqdbhbcudco4d2ek6baozkqn7vaof7csalkbny":{
         "Tag":"2021-11-07 06:03:39.800515373 +0000 UTC m=+658.433529177",
         "Size":50000000,
         "AvgSpeed":5.2981906,
         "DownloadStartedAt":1636265056,
         "DownloadFinishedAt":1636265065,
         "ProvidedBy":[
            "Qmf7tCAgTHVnCK6LcaPx36HgAoD76vfzSXw4zaNznnwzci"
         ]
      },
      "bafybeif5gv6boxyabbhwitpugeufcajkv5febwpeyg6qos7vyyr7zgblba":{
         "Tag":"2021-11-07 05:59:27.301025156 +0000 UTC m=+405.934038960",
         "Size":50000000,
         "AvgSpeed":5.2981906,
         "DownloadStartedAt":1636264803,
         "DownloadFinishedAt":1636264812,
         "ProvidedBy":[
            "Qmf7tCAgTHVnCK6LcaPx36HgAoD76vfzSXw4zaNznnwzci"
         ]
      },
      "bafybeifbjsroqsmcty67zndwfwutvw2ltap5ahnnqqmb63oixjng7ipige":{
         "Tag":"2021-11-07 06:24:43.866120567 +0000 UTC m=+1922.499134371",
         "Size":50000000,
         "AvgSpeed":7.947286,
         "DownloadStartedAt":1636266314,
         "DownloadFinishedAt":1636266320,
         "ProvidedBy":[
            "Qmf7tCAgTHVnCK6LcaPx36HgAoD76vfzSXw4zaNznnwzci"
         ]
      },
      "bafybeifhegqduqrddwsov3kjunskgbbck4ajoycu55mogmj4wi6i4tyfy4":{
         "Tag":"2021-11-07 06:01:33.521387608 +0000 UTC m=+532.154401412",
         "Size":50000000,
         "AvgSpeed":6.8119593,
         "DownloadStartedAt":1636264924,
         "DownloadFinishedAt":1636264931,
         "ProvidedBy":[
            "Qmf7tCAgTHVnCK6LcaPx36HgAoD76vfzSXw4zaNznnwzci"
         ]
      },
      "bafybeify6zs7my4txlzomabi252bo4wrgfx3jxq4verqiclxmh4l6csydu":{
         "Tag":"2021-11-07 06:53:05.535522 +0000 UTC m=+3442.120937490",
         "Size":50000000,
         "AvgSpeed":5.2981906,
         "DownloadStartedAt":1636268021,
         "DownloadFinishedAt":1636268030,
         "ProvidedBy":[
            "Qmf7tCAgTHVnCK6LcaPx36HgAoD76vfzSXw4zaNznnwzci"
         ]
      },
      "bafybeifymlpjkesv4zlh4uz4o5u6e3vij2ecr7qwzgkfn6nbdfi5sksoli":{
         "Tag":"2021-11-07 06:31:59.027995556 +0000 UTC m=+2175.613410994",
         "Size":50000000,
         "AvgSpeed":7.947286,
         "DownloadStartedAt":1636266737,
         "DownloadFinishedAt":1636266743,
         "ProvidedBy":[
            "Qmf7tCAgTHVnCK6LcaPx36HgAoD76vfzSXw4zaNznnwzci"
         ]
      },
      "bafybeig2xi67agyknkma6m4cfktfmvmzebq2k7t2n62scdj4fdhtkj44ja":{
         "Tag":"2021-11-07 06:42:31.988608283 +0000 UTC m=+2808.574023721",
         "Size":50000000,
         "AvgSpeed":9.536743,
         "DownloadStartedAt":1636267388,
         "DownloadFinishedAt":1636267393,
         "ProvidedBy":[
            "Qmf7tCAgTHVnCK6LcaPx36HgAoD76vfzSXw4zaNznnwzci"
         ]
      },
      "bafybeigetfezwgu7do4izxbcvcsdlnngds6a76tm63v5tbcmenql3ytoja":{
         "Tag":"2021-11-07 06:55:12.404683566 +0000 UTC m=+3568.990099004",
         "Size":50000000,
         "AvgSpeed":4.7683716,
         "DownloadStartedAt":1636268124,
         "DownloadFinishedAt":1636268134,
         "ProvidedBy":[
            "Qmf7tCAgTHVnCK6LcaPx36HgAoD76vfzSXw4zaNznnwzci"
         ]
      },
      "bafybeiglxf3uf7kjdedlaizw5l3xumy6uefefjeefackoqp2vkoqpfgxse":{
         "Tag":"2021-11-07 06:48:52.027777669 +0000 UTC m=+3188.613193680",
         "Size":50000000,
         "AvgSpeed":11.920929,
         "DownloadStartedAt":1636267774,
         "DownloadFinishedAt":1636267778,
         "ProvidedBy":[
            "Qmf7tCAgTHVnCK6LcaPx36HgAoD76vfzSXw4zaNznnwzci"
         ]
      },
      "bafybeigu7x5kjobtidom2syvapwr7aormre5dbf365u5vnxoljy3u56tta":{
         "Tag":"2021-11-07 06:16:17.914830448 +0000 UTC m=+1416.547844252",
         "Size":50000000,
         "AvgSpeed":5.9604645,
         "DownloadStartedAt":1636265815,
         "DownloadFinishedAt":1636265823,
         "ProvidedBy":[
            "Qmf7tCAgTHVnCK6LcaPx36HgAoD76vfzSXw4zaNznnwzci"
         ]
      },
      "bafybeigv5y6m5qzyc3qkftmshiqaemblbsywwmxuy37hknawlauosahpke":{
         "Tag":"2021-11-07 06:05:46.122368918 +0000 UTC m=+784.755382722",
         "Size":50000000,
         "AvgSpeed":5.9604645,
         "DownloadStartedAt":1636265164,
         "DownloadFinishedAt":1636265172,
         "ProvidedBy":[
            "Qmf7tCAgTHVnCK6LcaPx36HgAoD76vfzSXw4zaNznnwzci"
         ]
      }
   },
   "NodeMatrix":{
      "Qmf7tCAgTHVnCK6LcaPx36HgAoD76vfzSXw4zaNznnwzci":{
         "ConnectionAlive":false,
         "ConnectionSuccessCount":51,
         "ConnectionFailureCount":0,
         "LastSuccessfulConnectionDuration":11,
         "BLEDiscoveredAt":1636268241,
         "WifiConnectedAt":0,
         "RSSI":0,
         "Speed":0,
         "Frequency":0,
         "IPFSConnectedAt":0,
         "DiscoveryDelays":[
            5,
            4,
            9,
            5,
            9,
            3,
            9,
            4,
            5,
            5,
            10,
            9,
            9,
            4,
            9,
            4,
            14,
            4,
            15,
            4,
            8,
            6,
            9,
            6,
            11,
            9,
            10,
            6,
            3,
            4,
            11,
            9,
            18,
            3,
            5,
            6,
            38,
            10,
            4,
            9,
            5,
            10,
            5,
            19,
            3,
            3,
            14,
            11,
            6,
            11,
            9
         ],
         "ConnectionHistory":[
            {
               "BLEDiscoveredAt":1636264193,
               "WifiConnectedAt":0,
               "RSSI":0,
               "Speed":0,
               "Frequency":0,
               "IPFSConnectedAt":1636264198,
               "DisconnectedAt":1636264221
            },
            {
               "BLEDiscoveredAt":1636264363,
               "WifiConnectedAt":0,
               "RSSI":0,
               "Speed":0,
               "Frequency":0,
               "IPFSConnectedAt":1636264367,
               "DisconnectedAt":1636264381
            },
            {
               "BLEDiscoveredAt":1636264517,
               "WifiConnectedAt":0,
               "RSSI":0,
               "Speed":0,
               "Frequency":0,
               "IPFSConnectedAt":1636264526,
               "DisconnectedAt":1636264542
            },
            {
               "BLEDiscoveredAt":1636264643,
               "WifiConnectedAt":0,
               "RSSI":0,
               "Speed":0,
               "Frequency":0,
               "IPFSConnectedAt":1636264648,
               "DisconnectedAt":1636264651
            },
            {
               "BLEDiscoveredAt":1636264664,
               "WifiConnectedAt":0,
               "RSSI":0,
               "Speed":0,
               "Frequency":0,
               "IPFSConnectedAt":1636264673,
               "DisconnectedAt":1636264691
            },
            {
               "BLEDiscoveredAt":1636264769,
               "WifiConnectedAt":0,
               "RSSI":0,
               "Speed":0,
               "Frequency":0,
               "IPFSConnectedAt":1636264772,
               "DisconnectedAt":1636264775
            },
            {
               "BLEDiscoveredAt":1636264790,
               "WifiConnectedAt":0,
               "RSSI":0,
               "Speed":0,
               "Frequency":0,
               "IPFSConnectedAt":1636264799,
               "DisconnectedAt":1636264815
            },
            {
               "BLEDiscoveredAt":1636264896,
               "WifiConnectedAt":0,
               "RSSI":0,
               "Speed":0,
               "Frequency":0,
               "IPFSConnectedAt":1636264900,
               "DisconnectedAt":1636264901
            },
            {
               "BLEDiscoveredAt":1636264917,
               "WifiConnectedAt":0,
               "RSSI":0,
               "Speed":0,
               "Frequency":0,
               "IPFSConnectedAt":1636264922,
               "DisconnectedAt":1636264932
            },
            {
               "BLEDiscoveredAt":1636265022,
               "WifiConnectedAt":0,
               "RSSI":0,
               "Speed":0,
               "Frequency":0,
               "IPFSConnectedAt":1636265027,
               "DisconnectedAt":1636265028
            },
            {
               "BLEDiscoveredAt":1636265043,
               "WifiConnectedAt":0,
               "RSSI":0,
               "Speed":0,
               "Frequency":0,
               "IPFSConnectedAt":1636265053,
               "DisconnectedAt":1636265066
            },
            {
               "BLEDiscoveredAt":1636265148,
               "WifiConnectedAt":0,
               "RSSI":0,
               "Speed":0,
               "Frequency":0,
               "IPFSConnectedAt":1636265157,
               "DisconnectedAt":1636265172
            },
            {
               "BLEDiscoveredAt":0,
               "WifiConnectedAt":0,
               "RSSI":0,
               "Speed":0,
               "Frequency":0,
               "IPFSConnectedAt":0,
               "DisconnectedAt":1636265172
            },
            {
               "BLEDiscoveredAt":1636265274,
               "WifiConnectedAt":0,
               "RSSI":0,
               "Speed":0,
               "Frequency":0,
               "IPFSConnectedAt":1636265278,
               "DisconnectedAt":1636265280
            },
            {
               "BLEDiscoveredAt":1636265295,
               "WifiConnectedAt":0,
               "RSSI":0,
               "Speed":0,
               "Frequency":0,
               "IPFSConnectedAt":1636265304,
               "DisconnectedAt":1636265320
            },
            {
               "BLEDiscoveredAt":1636265400,
               "WifiConnectedAt":0,
               "RSSI":0,
               "Speed":0,
               "Frequency":0,
               "IPFSConnectedAt":1636265404,
               "DisconnectedAt":1636265405
            },
            {
               "BLEDiscoveredAt":1636265421,
               "WifiConnectedAt":0,
               "RSSI":0,
               "Speed":0,
               "Frequency":0,
               "IPFSConnectedAt":1636265435,
               "DisconnectedAt":1636265446
            },
            {
               "BLEDiscoveredAt":1636265527,
               "WifiConnectedAt":0,
               "RSSI":0,
               "Speed":0,
               "Frequency":0,
               "IPFSConnectedAt":1636265531,
               "DisconnectedAt":1636265533
            },
            {
               "BLEDiscoveredAt":1636265548,
               "WifiConnectedAt":0,
               "RSSI":0,
               "Speed":0,
               "Frequency":0,
               "IPFSConnectedAt":1636265563,
               "DisconnectedAt":1636265573
            },
            {
               "BLEDiscoveredAt":1636265653,
               "WifiConnectedAt":0,
               "RSSI":0,
               "Speed":0,
               "Frequency":0,
               "IPFSConnectedAt":1636265657,
               "DisconnectedAt":1636265659
            },
            {
               "BLEDiscoveredAt":1636265675,
               "WifiConnectedAt":0,
               "RSSI":0,
               "Speed":0,
               "Frequency":0,
               "IPFSConnectedAt":1636265683,
               "DisconnectedAt":1636265697
            },
            {
               "BLEDiscoveredAt":1636265779,
               "WifiConnectedAt":0,
               "RSSI":0,
               "Speed":0,
               "Frequency":0,
               "IPFSConnectedAt":1636265785,
               "DisconnectedAt":1636265785
            },
            {
               "BLEDiscoveredAt":1636265801,
               "WifiConnectedAt":0,
               "RSSI":0,
               "Speed":0,
               "Frequency":0,
               "IPFSConnectedAt":1636265810,
               "DisconnectedAt":1636265823
            },
            {
               "BLEDiscoveredAt":1636265907,
               "WifiConnectedAt":0,
               "RSSI":0,
               "Speed":0,
               "Frequency":0,
               "IPFSConnectedAt":1636265913,
               "DisconnectedAt":1636265914
            },
            {
               "BLEDiscoveredAt":1636265927,
               "WifiConnectedAt":0,
               "RSSI":0,
               "Speed":0,
               "Frequency":0,
               "IPFSConnectedAt":1636265938,
               "DisconnectedAt":1636265950
            },
            {
               "BLEDiscoveredAt":1636266033,
               "WifiConnectedAt":0,
               "RSSI":0,
               "Speed":0,
               "Frequency":0,
               "IPFSConnectedAt":1636266042,
               "DisconnectedAt":1636266058
            },
            {
               "BLEDiscoveredAt":1636266159,
               "WifiConnectedAt":0,
               "RSSI":0,
               "Speed":0,
               "Frequency":0,
               "IPFSConnectedAt":1636266169,
               "DisconnectedAt":1636266180
            },
            {
               "BLEDiscoveredAt":1636266180,
               "WifiConnectedAt":0,
               "RSSI":0,
               "Speed":0,
               "Frequency":0,
               "IPFSConnectedAt":1636266186,
               "DisconnectedAt":1636266186
            },
            {
               "BLEDiscoveredAt":1636266286,
               "WifiConnectedAt":0,
               "RSSI":0,
               "Speed":0,
               "Frequency":0,
               "IPFSConnectedAt":1636266289,
               "DisconnectedAt":1636266291
            },
            {
               "BLEDiscoveredAt":1636266307,
               "WifiConnectedAt":0,
               "RSSI":0,
               "Speed":0,
               "Frequency":0,
               "IPFSConnectedAt":1636266311,
               "DisconnectedAt":1636266320
            },
            {
               "BLEDiscoveredAt":1636266594,
               "WifiConnectedAt":0,
               "RSSI":0,
               "Speed":0,
               "Frequency":0,
               "IPFSConnectedAt":1636266605,
               "DisconnectedAt":1636266617
            },
            {
               "BLEDiscoveredAt":1636266721,
               "WifiConnectedAt":0,
               "RSSI":0,
               "Speed":0,
               "Frequency":0,
               "IPFSConnectedAt":1636266730,
               "DisconnectedAt":1636266744
            },
            {
               "BLEDiscoveredAt":1636266848,
               "WifiConnectedAt":0,
               "RSSI":0,
               "Speed":0,
               "Frequency":0,
               "IPFSConnectedAt":1636266866,
               "DisconnectedAt":1636266874
            },
            {
               "BLEDiscoveredAt":1636266974,
               "WifiConnectedAt":0,
               "RSSI":0,
               "Speed":0,
               "Frequency":0,
               "IPFSConnectedAt":1636266977,
               "DisconnectedAt":1636266978
            },
            {
               "BLEDiscoveredAt":1636266995,
               "WifiConnectedAt":0,
               "RSSI":0,
               "Speed":0,
               "Frequency":0,
               "IPFSConnectedAt":1636267000,
               "DisconnectedAt":1636267010
            },
            {
               "BLEDiscoveredAt":1636267101,
               "WifiConnectedAt":0,
               "RSSI":0,
               "Speed":0,
               "Frequency":0,
               "IPFSConnectedAt":1636267107,
               "DisconnectedAt":1636267107
            },
            {
               "BLEDiscoveredAt":1636267143,
               "WifiConnectedAt":0,
               "RSSI":0,
               "Speed":0,
               "Frequency":0,
               "IPFSConnectedAt":1636267181,
               "DisconnectedAt":1636267188
            },
            {
               "BLEDiscoveredAt":1636267227,
               "WifiConnectedAt":0,
               "RSSI":0,
               "Speed":0,
               "Frequency":0,
               "IPFSConnectedAt":1636267237,
               "DisconnectedAt":1636267245
            },
            {
               "BLEDiscoveredAt":1636267354,
               "WifiConnectedAt":0,
               "RSSI":0,
               "Speed":0,
               "Frequency":0,
               "IPFSConnectedAt":1636267358,
               "DisconnectedAt":1636267359
            },
            {
               "BLEDiscoveredAt":1636267375,
               "WifiConnectedAt":0,
               "RSSI":0,
               "Speed":0,
               "Frequency":0,
               "IPFSConnectedAt":1636267384,
               "DisconnectedAt":1636267395
            },
            {
               "BLEDiscoveredAt":1636267480,
               "WifiConnectedAt":0,
               "RSSI":0,
               "Speed":0,
               "Frequency":0,
               "IPFSConnectedAt":1636267485,
               "DisconnectedAt":1636267486
            },
            {
               "BLEDiscoveredAt":1636267501,
               "WifiConnectedAt":0,
               "RSSI":0,
               "Speed":0,
               "Frequency":0,
               "IPFSConnectedAt":1636267511,
               "DisconnectedAt":1636267524
            },
            {
               "BLEDiscoveredAt":1636267607,
               "WifiConnectedAt":0,
               "RSSI":0,
               "Speed":0,
               "Frequency":0,
               "IPFSConnectedAt":1636267612,
               "DisconnectedAt":1636267613
            },
            {
               "BLEDiscoveredAt":1636267628,
               "WifiConnectedAt":0,
               "RSSI":0,
               "Speed":0,
               "Frequency":0,
               "IPFSConnectedAt":1636267647,
               "DisconnectedAt":1636267658
            },
            {
               "BLEDiscoveredAt":1636267734,
               "WifiConnectedAt":0,
               "RSSI":0,
               "Speed":0,
               "Frequency":0,
               "IPFSConnectedAt":1636267737,
               "DisconnectedAt":1636267738
            },
            {
               "BLEDiscoveredAt":0,
               "WifiConnectedAt":0,
               "RSSI":0,
               "Speed":0,
               "Frequency":0,
               "IPFSConnectedAt":0,
               "DisconnectedAt":1636267738
            },
            {
               "BLEDiscoveredAt":1636267755,
               "WifiConnectedAt":0,
               "RSSI":0,
               "Speed":0,
               "Frequency":0,
               "IPFSConnectedAt":1636267769,
               "DisconnectedAt":1636267779
            },
            {
               "BLEDiscoveredAt":1636267861,
               "WifiConnectedAt":0,
               "RSSI":0,
               "Speed":0,
               "Frequency":0,
               "IPFSConnectedAt":1636267872,
               "DisconnectedAt":1636267883
            },
            {
               "BLEDiscoveredAt":1636267988,
               "WifiConnectedAt":0,
               "RSSI":0,
               "Speed":0,
               "Frequency":0,
               "IPFSConnectedAt":1636267994,
               "DisconnectedAt":1636267996
            },
            {
               "BLEDiscoveredAt":1636268008,
               "WifiConnectedAt":0,
               "RSSI":0,
               "Speed":0,
               "Frequency":0,
               "IPFSConnectedAt":1636268019,
               "DisconnectedAt":1636268031
            },
            {
               "BLEDiscoveredAt":1636268114,
               "WifiConnectedAt":0,
               "RSSI":0,
               "Speed":0,
               "Frequency":0,
               "IPFSConnectedAt":1636268123,
               "DisconnectedAt":1636268134
            }
         ]
      }
   },
   "TotalUptime":4380
}