{
   "ContentMatrix":{

   },
   "NodeMatrix":{
      "QmRMyZ5qZn573jZEqMYFh6VtWM9HMLKsREAVfXiQLLNs8M":{
         "ConnectionAlive":false,
         "ConnectionSuccessCount":51,
         "ConnectionFailureCount":0,
         "LastSuccessfulConnectionDuration":11,
         "BLEDiscoveredAt":0,
         "WifiConnectedAt":0,
         "RSSI":0,
         "Speed":0,
         "Frequency":0,
         "IPFSConnectedAt":0,
         "DiscoveryDelays":[
            4,
            2,
            9,
            5,
            9,
            3,
            8,
            4,
            5,
            5,
            10,
            9,
            9,
            4,
            9,
            4,
            14,
            3,
            14,
            4,
            8,
            6,
            9,
            5,
            11,
            9,
            10,
            5,
            3,
            4,
            11,
            9,
            18,
            3,
            4,
            5,
            60,
            9,
            4,
            9,
            5,
            10,
            5,
            19,
            3,
            3,
            14,
            11,
            5,
            11,
            9
         ],
         "ConnectionHistory":[
            {
               "BLEDiscoveredAt":1636264193,
               "WifiConnectedAt":1636264196,
               "RSSI":-68,
               "Speed":130,
               "Frequency":5745,
               "IPFSConnectedAt":1636264197,
               "DisconnectedAt":1636264221
            },
            {
               "BLEDiscoveredAt":1636264364,
               "WifiConnectedAt":1636264366,
               "RSSI":-22,
               "Speed":433,
               "Frequency":5745,
               "IPFSConnectedAt":1636264366,
               "DisconnectedAt":1636264381
            },
            {
               "BLEDiscoveredAt":1636264517,
               "WifiConnectedAt":1636264519,
               "RSSI":-22,
               "Speed":433,
               "Frequency":5745,
               "IPFSConnectedAt":1636264526,
               "DisconnectedAt":1636264542
            },
            {
               "BLEDiscoveredAt":1636264643,
               "WifiConnectedAt":1636264645,
               "RSSI":-61,
               "Speed":260,
               "Frequency":5745,
               "IPFSConnectedAt":1636264648,
               "DisconnectedAt":1636264651
            },
            {
               "BLEDiscoveredAt":1636264664,
               "WifiConnectedAt":1636264666,
               "RSSI":-39,
               "Speed":433,
               "Frequency":5745,
               "IPFSConnectedAt":1636264673,
               "DisconnectedAt":1636264691
            },
            {
               "BLEDiscoveredAt":1636264769,
               "WifiConnectedAt":1636264772,
               "RSSI":-60,
               "Speed":260,
               "Frequency":5745,
               "IPFSConnectedAt":1636264772,
               "DisconnectedAt":1636264782
            },
            {
               "BLEDiscoveredAt":1636264790,
               "WifiConnectedAt":1636264792,
               "RSSI":-60,
               "Speed":260,
               "Frequency":5745,
               "IPFSConnectedAt":1636264798,
               "DisconnectedAt":1636264815
            },
            {
               "BLEDiscoveredAt":1636264896,
               "WifiConnectedAt":1636264898,
               "RSSI":-66,
               "Speed":195,
               "Frequency":5745,
               "IPFSConnectedAt":1636264900,
               "DisconnectedAt":1636264901
            },
            {
               "BLEDiscoveredAt":1636264917,
               "WifiConnectedAt":1636264919,
               "RSSI":-60,
               "Speed":260,
               "Frequency":5745,
               "IPFSConnectedAt":1636264922,
               "DisconnectedAt":1636264931
            },
            {
               "BLEDiscoveredAt":1636265022,
               "WifiConnectedAt":1636265024,
               "RSSI":-60,
               "Speed":260,
               "Frequency":5745,
               "IPFSConnectedAt":1636265027,
               "DisconnectedAt":1636265028
            },
            {
               "BLEDiscoveredAt":1636265043,
               "WifiConnectedAt":1636265045,
               "RSSI":-60,
               "Speed":260,
               "Frequency":5745,
               "IPFSConnectedAt":1636265053,
               "DisconnectedAt":1636265066
            },
            {
               "BLEDiscoveredAt":1636265148,
               "WifiConnectedAt":1636265151,
               "RSSI":-60,
               "Speed":260,
               "Frequency":5745,
               "IPFSConnectedAt":1636265157,
               "DisconnectedAt":1636265172
            },
            {
               "BLEDiscoveredAt":1636265274,
               "WifiConnectedAt":1636265277,
               "RSSI":-60,
               "Speed":260,
               "Frequency":5745,
               "IPFSConnectedAt":1636265278,
               "DisconnectedAt":1636265280
            },
            {
               "BLEDiscoveredAt":1636265295,
               "WifiConnectedAt":1636265298,
               "RSSI":-61,
               "Speed":260,
               "Frequency":5745,
               "IPFSConnectedAt":1636265304,
               "DisconnectedAt":1636265320
            },
            {
               "BLEDiscoveredAt":1636265400,
               "WifiConnectedAt":1636265403,
               "RSSI":-63,
               "Speed":260,
               "Frequency":5745,
               "IPFSConnectedAt":1636265404,
               "DisconnectedAt":1636265405
            },
            {
               "BLEDiscoveredAt":1636265421,
               "WifiConnectedAt":1636265429,
               "RSSI":-61,
               "Speed":260,
               "Frequency":5745,
               "IPFSConnectedAt":1636265435,
               "DisconnectedAt":1636265446
            },
            {
               "BLEDiscoveredAt":1636265527,
               "WifiConnectedAt":1636265530,
               "RSSI":-63,
               "Speed":260,
               "Frequency":5745,
               "IPFSConnectedAt":1636265530,
               "DisconnectedAt":1636265533
            },
            {
               "BLEDiscoveredAt":1636265548,
               "WifiConnectedAt":1636265551,
               "RSSI":-67,
               "Speed":195,
               "Frequency":5745,
               "IPFSConnectedAt":1636265562,
               "DisconnectedAt":1636265573
            },
            {
               "BLEDiscoveredAt":1636265653,
               "WifiConnectedAt":1636265656,
               "RSSI":-65,
               "Speed":195,
               "Frequency":5745,
               "IPFSConnectedAt":1636265657,
               "DisconnectedAt":1636265659
            },
            {
               "BLEDiscoveredAt":1636265675,
               "WifiConnectedAt":1636265677,
               "RSSI":-65,
               "Speed":195,
               "Frequency":5745,
               "IPFSConnectedAt":1636265683,
               "DisconnectedAt":1636265697
            },
            {
               "BLEDiscoveredAt":1636265779,
               "WifiConnectedAt":1636265782,
               "RSSI":-72,
               "Speed":97,
               "Frequency":5745,
               "IPFSConnectedAt":1636265785,
               "DisconnectedAt":1636265785
            },
            {
               "BLEDiscoveredAt":1636265801,
               "WifiConnectedAt":1636265803,
               "RSSI":-67,
               "Speed":195,
               "Frequency":5745,
               "IPFSConnectedAt":1636265810,
               "DisconnectedAt":1636265823
            },
            {
               "BLEDiscoveredAt":1636265907,
               "WifiConnectedAt":1636265909,
               "RSSI":-71,
               "Speed":97,
               "Frequency":5745,
               "IPFSConnectedAt":1636265912,
               "DisconnectedAt":1636265922
            },
            {
               "BLEDiscoveredAt":1636265927,
               "WifiConnectedAt":1636265929,
               "RSSI":-69,
               "Speed":130,
               "Frequency":5745,
               "IPFSConnectedAt":1636265938,
               "DisconnectedAt":1636265949
            },
            {
               "BLEDiscoveredAt":1636266033,
               "WifiConnectedAt":1636266035,
               "RSSI":-43,
               "Speed":433,
               "Frequency":5745,
               "IPFSConnectedAt":1636266042,
               "DisconnectedAt":1636266058
            },
            {
               "BLEDiscoveredAt":1636266159,
               "WifiConnectedAt":1636266162,
               "RSSI":-66,
               "Speed":195,
               "Frequency":5745,
               "IPFSConnectedAt":1636266169,
               "DisconnectedAt":1636266180
            },
            {
               "BLEDiscoveredAt":1636266180,
               "WifiConnectedAt":1636266181,
               "RSSI":-66,
               "Speed":195,
               "Frequency":5745,
               "IPFSConnectedAt":1636266185,
               "DisconnectedAt":1636266186
            },
            {
               "BLEDiscoveredAt":1636266286,
               "WifiConnectedAt":1636266288,
               "RSSI":-66,
               "Speed":195,
               "Frequency":5745,
               "IPFSConnectedAt":1636266289,
               "DisconnectedAt":1636266290
            },
            {
               "BLEDiscoveredAt":1636266307,
               "WifiConnectedAt":1636266309,
               "RSSI":-66,
               "Speed":195,
               "Frequency":5745,
               "IPFSConnectedAt":1636266311,
               "DisconnectedAt":1636266320
            },
            {
               "BLEDiscoveredAt":1636266594,
               "WifiConnectedAt":1636266597,
               "RSSI":-44,
               "Speed":433,
               "Frequency":5745,
               "IPFSConnectedAt":1636266605,
               "DisconnectedAt":1636266617
            },
            {
               "BLEDiscoveredAt":1636266721,
               "WifiConnectedAt":1636266723,
               "RSSI":-68,
               "Speed":130,
               "Frequency":5745,
               "IPFSConnectedAt":1636266730,
               "DisconnectedAt":1636266744
            },
            {
               "BLEDiscoveredAt":1636266848,
               "WifiConnectedAt":1636266856,
               "RSSI":-64,
               "Speed":292,
               "Frequency":5745,
               "IPFSConnectedAt":1636266866,
               "DisconnectedAt":1636266874
            },
            {
               "BLEDiscoveredAt":1636266974,
               "WifiConnectedAt":1636266976,
               "RSSI":-63,
               "Speed":260,
               "Frequency":5745,
               "IPFSConnectedAt":1636266977,
               "DisconnectedAt":1636266978
            },
            {
               "BLEDiscoveredAt":1636266996,
               "WifiConnectedAt":1636266998,
               "RSSI":-65,
               "Speed":195,
               "Frequency":5745,
               "IPFSConnectedAt":1636267000,
               "DisconnectedAt":1636267010
            },
            {
               "BLEDiscoveredAt":1636267101,
               "WifiConnectedAt":1636267104,
               "RSSI":-43,
               "Speed":433,
               "Frequency":5745,
               "IPFSConnectedAt":1636267106,
               "DisconnectedAt":1636267107
            },
            {
               "BLEDiscoveredAt":1636267121,
               "WifiConnectedAt":1636267124,
               "RSSI":-65,
               "Speed":195,
               "Frequency":5745,
               "IPFSConnectedAt":1636267181,
               "DisconnectedAt":1636267188
            },
            {
               "BLEDiscoveredAt":1636267227,
               "WifiConnectedAt":1636267230,
               "RSSI":-60,
               "Speed":260,
               "Frequency":5745,
               "IPFSConnectedAt":1636267236,
               "DisconnectedAt":1636267245
            },
            {
               "BLEDiscoveredAt":1636267354,
               "WifiConnectedAt":1636267357,
               "RSSI":-61,
               "Speed":260,
               "Frequency":5745,
               "IPFSConnectedAt":1636267358,
               "DisconnectedAt":1636267359
            },
            {
               "BLEDiscoveredAt":1636267375,
               "WifiConnectedAt":1636267377,
               "RSSI":-62,
               "Speed":260,
               "Frequency":5745,
               "IPFSConnectedAt":1636267384,
               "DisconnectedAt":1636267394
            },
            {
               "BLEDiscoveredAt":1636267480,
               "WifiConnectedAt":1636267483,
               "RSSI":-65,
               "Speed":195,
               "Frequency":5745,
               "IPFSConnectedAt":1636267485,
               "DisconnectedAt":1636267486
            },
            {
               "BLEDiscoveredAt":1636267501,
               "WifiConnectedAt":1636267504,
               "RSSI":-64,
               "Speed":195,
               "Frequency":5745,
               "IPFSConnectedAt":1636267511,
               "DisconnectedAt":1636267524
            },
            {
               "BLEDiscoveredAt":1636267607,
               "WifiConnectedAt":1636267610,
               "RSSI":-63,
               "Speed":260,
               "Frequency":5745,
               "IPFSConnectedAt":1636267612,
               "DisconnectedAt":1636267613
            },
            {
               "BLEDiscoveredAt":1636267628,
               "WifiConnectedAt":1636267630,
               "RSSI":-41,
               "Speed":433,
               "Frequency":5745,
               "IPFSConnectedAt":1636267647,
               "DisconnectedAt":1636267658
            },
            {
               "BLEDiscoveredAt":1636267734,
               "WifiConnectedAt":1636267736,
               "RSSI":-65,
               "Speed":195,
               "Frequency":5745,
               "IPFSConnectedAt":1636267737,
               "DisconnectedAt":1636267738
            },
            {
               "BLEDiscoveredAt":1636267755,
               "WifiConnectedAt":1636267758,
               "RSSI":-64,
               "Speed":195,
               "Frequency":5745,
               "IPFSConnectedAt":1636267769,
               "DisconnectedAt":1636267779
            },
            {
               "BLEDiscoveredAt":1636267861,
               "WifiConnectedAt":1636267868,
               "RSSI":-65,
               "Speed":195,
               "Frequency":5745,
               "IPFSConnectedAt":1636267872,
               "DisconnectedAt":1636267883
            },
            {
               "BLEDiscoveredAt":1636267988,
               "WifiConnectedAt":1636267991,
               "RSSI":-64,
               "Speed":195,
               "Frequency":5745,
               "IPFSConnectedAt":1636267993,
               "DisconnectedAt":1636268004
            },
            {
               "BLEDiscoveredAt":1636268008,
               "WifiConnectedAt":1636268011,
               "RSSI":-63,
               "Speed":260,
               "Frequency":5745,
               "IPFSConnectedAt":1636268019,
               "DisconnectedAt":1636268031
            },
            {
               "BLEDiscoveredAt":1636268114,
               "WifiConnectedAt":1636268117,
               "RSSI":-65,
               "Speed":195,
               "Frequency":5745,
               "IPFSConnectedAt":1636268123,
               "DisconnectedAt":1636268134
            }
         ]
      }
   },
   "TotalUptime":3870
}