{
   "ContentMatrix":{
      "bafybeia3oamk6jvs7evo3djtn72d37qjyoygxlzgtm7lx2lazor6mgqcbm":{
         "Tag":"2021-10-28 05:55:28.932106755 +0000 UTC m=+1931.819161660",
         "Size":50000000,
         "AvgSpeed":5.9604645,
         "DownloadStartedAt":1635400566,
         "DownloadFinishedAt":1635400574,
         "ProvidedBy":[

         ]
      },
      "bafybeia4h54mj5goxllxiybu7li5cvbgsfjfyiuinhts3h4jaqzox2epji":{
         "Tag":"2021-10-28 09:14:57.504216564 +0000 UTC m=+658.382003135",
         "Size":50000000,
         "AvgSpeed":5.9604645,
         "DownloadStartedAt":1635412534,
         "DownloadFinishedAt":1635412542,
         "ProvidedBy":[
            "QmTs4aJ3kinTjcm6m2oEHrP27uDxENHLniVHZ5CZdKJcwt"
         ]
      },
      "bafybeiad5rh66x2tln2fkza26t7mwviqmwrbxnymxdpzabxzoxv4svyqqy":{
         "Tag":"2021-10-28 06:59:03.052275143 +0000 UTC m=+5745.939330049",
         "Size":50000000,
         "AvgSpeed":5.9604645,
         "DownloadStartedAt":1635404380,
         "DownloadFinishedAt":1635404388,
         "ProvidedBy":[
            "QmTs4aJ3kinTjcm6m2oEHrP27uDxENHLniVHZ5CZdKJcwt"
         ]
      },
      "bafybeiafu6xm62btwwb7cx3xd4guhxg7pgkbhayjqofwmc23qyetusi7vi":{
         "Tag":"2021-10-28 07:23:20.288631879 +0000 UTC m=+833.699778016",
         "Size":50000000,
         "AvgSpeed":5.2981906,
         "DownloadStartedAt":1635405816,
         "DownloadFinishedAt":1635405825,
         "ProvidedBy":[
            "QmTs4aJ3kinTjcm6m2oEHrP27uDxENHLniVHZ5CZdKJcwt"
         ]
      },
      "bafybeiaiyhsghqdn3wsa7jrden45jdqcefirsoxyhq4z4n6iru6hhezuii":{
         "Tag":"2021-10-28 08:47:52.851343538 +0000 UTC m=+963.168429373",
         "Size":50000000,
         "AvgSpeed":5.9604645,
         "DownloadStartedAt":1635410912,
         "DownloadFinishedAt":1635410920,
         "ProvidedBy":[
            "QmTs4aJ3kinTjcm6m2oEHrP27uDxENHLniVHZ5CZdKJcwt"
         ]
      },
      "bafybeialy7v2anyhee2q4sfckensl3v5cmadzpfemhx3euwonmuqaiosw4":{
         "Tag":"2021-10-28 07:42:29.594980451 +0000 UTC m=+1983.006126588",
         "Size":50000000,
         "AvgSpeed":0.58868784,
         "DownloadStartedAt":1635408438,
         "DownloadFinishedAt":1635408519,
         "ProvidedBy":[
            "QmTs4aJ3kinTjcm6m2oEHrP27uDxENHLniVHZ5CZdKJcwt"
         ]
      },
      "bafybeiam2flukioe6qkwaqptjxg5wdlqrlsddsvefi5o745b6fcj2zo7va":{
         "Tag":"2021-10-28 09:45:55.687820905 +0000 UTC m=+406.907765210",
         "Size":50000000,
         "AvgSpeed":7.947286,
         "DownloadStartedAt":1635414395,
         "DownloadFinishedAt":1635414401,
         "ProvidedBy":[
            "QmTs4aJ3kinTjcm6m2oEHrP27uDxENHLniVHZ5CZdKJcwt"
         ]
      },
      "bafybeiamzdcmc6pq65rxdsh37mofqbcvopc6bzihqutpc3cfcyk54tvrwe":{
         "Tag":"2021-10-28 06:37:54.463103075 +0000 UTC m=+4477.350157980",
         "Size":50000000,
         "AvgSpeed":11.920929,
         "DownloadStartedAt":1635403117,
         "DownloadFinishedAt":1635403121,
         "ProvidedBy":[
            "QmTs4aJ3kinTjcm6m2oEHrP27uDxENHLniVHZ5CZdKJcwt"
         ]
      },
      "bafybeianeulwhh5bbalifsh6wmn5xkaobv33b7k5zcid4marnqq5vzpxq4":{
         "Tag":"2021-10-28 09:21:37.298055943 +0000 UTC m=+1058.175842514",
         "Size":50000000,
         "AvgSpeed":7.947286,
         "DownloadStartedAt":1635412929,
         "DownloadFinishedAt":1635412935,
         "ProvidedBy":[
            "QmTs4aJ3kinTjcm6m2oEHrP27uDxENHLniVHZ5CZdKJcwt"
         ]
      },
      "bafybeiaonr2nrq2tfsxmr4ug2t7aechstvju7g67qx7us7jpda5qx5qfgm":{
         "Tag":"2021-10-28 09:04:06.036341344 +0000 UTC m=+6.914127915",
         "Size":50000000,
         "AvgSpeed":11.920929,
         "DownloadStartedAt":1635411882,
         "DownloadFinishedAt":1635411886,
         "ProvidedBy":[
            "QmTs4aJ3kinTjcm6m2oEHrP27uDxENHLniVHZ5CZdKJcwt"
         ]
      },
      "bafybeiapnfbszsczvaagyuz2ecrdjlu2o7fo3nf64bzofovylfjtsqnaia":{
         "Tag":"2021-10-28 09:41:43.821891626 +0000 UTC m=+155.041835931",
         "Size":50000000,
         "AvgSpeed":5.2981906,
         "DownloadStartedAt":1635414122,
         "DownloadFinishedAt":1635414131,
         "ProvidedBy":[
            "QmTs4aJ3kinTjcm6m2oEHrP27uDxENHLniVHZ5CZdKJcwt"
         ]
      },
      "bafybeiarejdqvhcebw2w5pojt35c7ypkzmy3xel2pj6bu6wvxxxumzu23i":{
         "Tag":"2021-10-28 09:43:41.060880592 +0000 UTC m=+272.280824897",
         "Size":50000000,
         "AvgSpeed":9.536743,
         "DownloadStartedAt":1635414261,
         "DownloadFinishedAt":1635414266,
         "ProvidedBy":[
            "QmTs4aJ3kinTjcm6m2oEHrP27uDxENHLniVHZ5CZdKJcwt"
         ]
      },
      "bafybeiatr6lsnwcmirb5ngv2rhdrlpi5wojmb35o7s7wziu2hxxq7ysbli":{
         "Tag":"2021-10-28 10:08:41.07147278 +0000 UTC m=+1772.291417085",
         "Size":50000000,
         "AvgSpeed":7.947286,
         "DownloadStartedAt":1635415749,
         "DownloadFinishedAt":1635415755,
         "ProvidedBy":[
            "QmTs4aJ3kinTjcm6m2oEHrP27uDxENHLniVHZ5CZdKJcwt"
         ]
      },
      "bafybeiatv6mjx5mhoqafatmpkdn5wu3yqjwfv34jstj7qlvfq3mae4xqhe":{
         "Tag":"2021-10-28 09:52:43.936898822 +0000 UTC m=+815.156843127",
         "Size":50000000,
         "AvgSpeed":5.2981906,
         "DownloadStartedAt":1635414797,
         "DownloadFinishedAt":1635414806,
         "ProvidedBy":[
            "QmTs4aJ3kinTjcm6m2oEHrP27uDxENHLniVHZ5CZdKJcwt"
         ]
      },
      "bafybeiaul2wrqluuiopuqbbno5jn7zddmwzlauffnixsnsvrmrdqkkmxlq":{
         "Tag":"2021-10-28 06:14:27.027848248 +0000 UTC m=+3069.914903205",
         "Size":50000000,
         "AvgSpeed":9.536743,
         "DownloadStartedAt":1635401709,
         "DownloadFinishedAt":1635401714,
         "ProvidedBy":[
            "QmTs4aJ3kinTjcm6m2oEHrP27uDxENHLniVHZ5CZdKJcwt"
         ]
      },
      "bafybeiawbjqh66rmxq5extxmjcx5snaonychanxlvodi7xo5a4gyqr4s4a":{
         "Tag":"2021-10-28 09:48:12.504037988 +0000 UTC m=+543.723982294",
         "Size":50000000,
         "AvgSpeed":9.536743,
         "DownloadStartedAt":1635414532,
         "DownloadFinishedAt":1635414537,
         "ProvidedBy":[
            "QmTs4aJ3kinTjcm6m2oEHrP27uDxENHLniVHZ5CZdKJcwt"
         ]
      },
      "bafybeiawu726dwts4qa42i3g4v5mznkiqysbv42ytfwrblmfd3hapjhw4q":{
         "Tag":"2021-10-28 05:30:13.949824728 +0000 UTC m=+416.836879634",
         "Size":50000000,
         "AvgSpeed":9.536743,
         "DownloadStartedAt":1635399044,
         "DownloadFinishedAt":1635399049,
         "ProvidedBy":[
            "QmTs4aJ3kinTjcm6m2oEHrP27uDxENHLniVHZ5CZdKJcwt"
         ]
      },
      "bafybeiaypfojmn3r4vxvt2bsqflsdjxmpoz3ndzfnr6tysnhy7rlnkkeqe":{
         "Tag":"2021-10-28 08:16:43.83847222 +0000 UTC m=+581.907840613",
         "Size":50000000,
         "AvgSpeed":7.947286,
         "DownloadStartedAt":1635409052,
         "DownloadFinishedAt":1635409058,
         "ProvidedBy":[
            "QmTs4aJ3kinTjcm6m2oEHrP27uDxENHLniVHZ5CZdKJcwt"
         ]
      },
      "bafybeiayt4wzr3az264tm5djxlvg6faekxp73lyd77tmxxgy2wvcwtsfzi":{
         "Tag":"2021-10-28 06:20:47.263728832 +0000 UTC m=+3450.150783789",
         "Size":50000000,
         "AvgSpeed":5.9604645,
         "DownloadStartedAt":1635402713,
         "DownloadFinishedAt":1635402721,
         "ProvidedBy":[
            "QmTs4aJ3kinTjcm6m2oEHrP27uDxENHLniVHZ5CZdKJcwt"
         ]
      },
      "bafybeiazdq2qfbzwxinaykhjkwxuzvj7h5veiwtg52tckugj6ginscz33e":{
         "Tag":"2021-10-28 08:39:02.528650199 +0000 UTC m=+432.845736034",
         "Size":50000000,
         "AvgSpeed":3.667978,
         "DownloadStartedAt":1635410485,
         "DownloadFinishedAt":1635410498,
         "ProvidedBy":[
            "QmTs4aJ3kinTjcm6m2oEHrP27uDxENHLniVHZ5CZdKJcwt"
         ]
      },
      "bafybeib3entrvbe73hhdjkqewbapth3wdq3wtaremapcjeljpp4ap3iodq":{
         "Tag":"2021-10-28 06:31:34.484946554 +0000 UTC m=+4097.372001459",
         "Size":50000000,
         "AvgSpeed":5.9604645,
         "DownloadStartedAt":1635402713,
         "DownloadFinishedAt":1635402721,
         "ProvidedBy":[
            "QmTs4aJ3kinTjcm6m2oEHrP27uDxENHLniVHZ5CZdKJcwt"
         ]
      },
      "bafybeib3yftuw4qzuhmtafvziar7wtpkq6urk4svltynd6urknts7kjyfi":{
         "Tag":"2021-10-28 08:14:35.572999717 +0000 UTC m=+453.642368110",
         "Size":50000000,
         "AvgSpeed":4.334883,
         "DownloadStartedAt":1635408951,
         "DownloadFinishedAt":1635408962,
         "ProvidedBy":[
            "QmTs4aJ3kinTjcm6m2oEHrP27uDxENHLniVHZ5CZdKJcwt"
         ]
      },
      "bafybeib472smb77cmv5yhmjnc3ntqe6wq7jnp6wdsxv2b3cexcnhzhnqqm":{
         "Tag":"2021-10-28 08:18:51.870476806 +0000 UTC m=+709.939845251",
         "Size":50000000,
         "AvgSpeed":4.334883,
         "DownloadStartedAt":1635409165,
         "DownloadFinishedAt":1635409176,
         "ProvidedBy":[
            "QmTs4aJ3kinTjcm6m2oEHrP27uDxENHLniVHZ5CZdKJcwt"
         ]
      },
      "bafybeib4zhcconx2lknjzfgnajhii6pera7gxy76h65ftuckxzfbfexbaq":{
         "Tag":"2021-10-28 07:55:16.84100995 +0000 UTC m=+2750.252156087",
         "Size":50000000,
         "AvgSpeed":0.619269,
         "DownloadStartedAt":1635408438,
         "DownloadFinishedAt":1635408515,
         "ProvidedBy":[
            "QmTs4aJ3kinTjcm6m2oEHrP27uDxENHLniVHZ5CZdKJcwt"
         ]
      },
      "bafybeib6fixfvl223oeqfpuac5wm3tsmlaopctres66tnt2ythe3pbqpvq":{
         "Tag":"2021-10-28 09:59:32.31439174 +0000 UTC m=+1223.534336045",
         "Size":50000000,
         "AvgSpeed":7.947286,
         "DownloadStartedAt":1635415213,
         "DownloadFinishedAt":1635415219,
         "ProvidedBy":[
            "QmTs4aJ3kinTjcm6m2oEHrP27uDxENHLniVHZ5CZdKJcwt"
         ]
      },
      "bafybeib6sjac4ffn7dtgtzwbrkvrkqfl2hdpycf3im2n6ky3rscqpkepga":{
         "Tag":"2021-10-28 07:53:08.954498541 +0000 UTC m=+2622.365644678",
         "Size":50000000,
         "AvgSpeed":0.67160165,
         "DownloadStartedAt":1635408438,
         "DownloadFinishedAt":1635408509,
         "ProvidedBy":[
            "QmTs4aJ3kinTjcm6m2oEHrP27uDxENHLniVHZ5CZdKJcwt"
         ]
      },
      "bafybeibalznupcmyb4sxwiybloi6ole2bevzu5bnn7mdxe5fyrpqvpsnze":{
         "Tag":"2021-10-28 07:59:32.661859332 +0000 UTC m=+3006.073005469",
         "Size":50000000,
         "AvgSpeed":0.58868784,
         "DownloadStartedAt":1635408438,
         "DownloadFinishedAt":1635408519,
         "ProvidedBy":[
            "QmTs4aJ3kinTjcm6m2oEHrP27uDxENHLniVHZ5CZdKJcwt"
         ]
      },
      "bafybeibbmrpg4kpb5gjis3rhnh4uwyibrp6l76p35lvd2v3dexlg2b2yey":{
         "Tag":"2021-10-28 07:31:51.194413664 +0000 UTC m=+1344.605559801",
         "Size":50000000,
         "AvgSpeed":9.536743,
         "DownloadStartedAt":1635406342,
         "DownloadFinishedAt":1635406347,
         "ProvidedBy":[
            "QmTs4aJ3kinTjcm6m2oEHrP27uDxENHLniVHZ5CZdKJcwt"
         ]
      },
      "bafybeibcekdafogta3ujufvmc3uvg2jdm3tpyyjbhcrai45f5lteqfktpa":{
         "Tag":"2021-10-28 07:57:24.699918964 +0000 UTC m=+2878.111065101",
         "Size":50000000,
         "AvgSpeed":0.6274173,
         "DownloadStartedAt":1635408438,
         "DownloadFinishedAt":1635408514,
         "ProvidedBy":[
            "QmTs4aJ3kinTjcm6m2oEHrP27uDxENHLniVHZ5CZdKJcwt"
         ]
      },
      "bafybeibebxo7xvib2otmcnhw66vyn327aogds6fbld4372fh5afuztcpfe":{
         "Tag":"2021-10-28 10:06:23.476569499 +0000 UTC m=+1634.696513804",
         "Size":50000000,
         "AvgSpeed":9.536743,
         "DownloadStartedAt":1635415614,
         "DownloadFinishedAt":1635415619,
         "ProvidedBy":[
            "QmTs4aJ3kinTjcm6m2oEHrP27uDxENHLniVHZ5CZdKJcwt"
         ]
      },
      "bafybeibf2wuegdtfczthy2ttarom4y2hblrcxt4jso4fwgexyb22mfy5py":{
         "Tag":"2021-10-28 08:34:30.974939208 +0000 UTC m=+161.292024992",
         "Size":1000000000,
         "AvgSpeed":8.01407,
         "DownloadStartedAt":1635410144,
         "DownloadFinishedAt":1635410263,
         "ProvidedBy":[
            "QmTs4aJ3kinTjcm6m2oEHrP27uDxENHLniVHZ5CZdKJcwt"
         ]
      },
      "bafybeibioxdumbru5t2pzgcvdhu4krk2w4mpgjvkeotfos6rnoiv2atx7y":{
         "Tag":"2021-10-28 06:03:54.679956614 +0000 UTC m=+2437.567011519",
         "Size":50000000,
         "AvgSpeed":6.8119593,
         "DownloadStartedAt":1635401072,
         "DownloadFinishedAt":1635401079,
         "ProvidedBy":[
            "QmTs4aJ3kinTjcm6m2oEHrP27uDxENHLniVHZ5CZdKJcwt"
         ]
      },
      "bafybeibk22ail3nic5nxr36rdzxmnqln6j26mpm7spzorkkza6k4rsesh4":{
         "Tag":"2021-10-28 06:18:40.153437839 +0000 UTC m=+3323.040492744",
         "Size":50000000,
         "AvgSpeed":11.920929,
         "DownloadStartedAt":1635401963,
         "DownloadFinishedAt":1635401967,
         "ProvidedBy":[
            "QmTs4aJ3kinTjcm6m2oEHrP27uDxENHLniVHZ5CZdKJcwt"
         ]
      },
      "bafybeiblblim2keue4tvhzieatdsnomoekcxgo7tigmvcptemqslpvuogm":{
         "Tag":"2021-10-28 09:23:49.088548861 +0000 UTC m=+1189.966335432",
         "Size":50000000,
         "AvgSpeed":7.947286,
         "DownloadStartedAt":1635413174,
         "DownloadFinishedAt":1635413180,
         "ProvidedBy":[
            "QmTs4aJ3kinTjcm6m2oEHrP27uDxENHLniVHZ5CZdKJcwt"
         ]
      },
      "bafybeiblmkbxmj7jjof65sxjhhqslvhuuib3whooupeyzafimre24pyu4a":{
         "Tag":"2021-10-28 07:36:06.471946379 +0000 UTC m=+1599.883092724",
         "Size":50000000,
         "AvgSpeed":0.58868784,
         "DownloadStartedAt":1635408438,
         "DownloadFinishedAt":1635408519,
         "ProvidedBy":[
            "QmTs4aJ3kinTjcm6m2oEHrP27uDxENHLniVHZ5CZdKJcwt"
         ]
      },
      "bafybeibnfsgkcxkuz3phigq2ianyokbfrqkydkzbnumfllvlycn2l33kq4":{
         "Tag":"2021-10-28 06:56:56.060624202 +0000 UTC m=+5618.947679107",
         "Size":50000000,
         "AvgSpeed":6.8119593,
         "DownloadStartedAt":1635404259,
         "DownloadFinishedAt":1635404266,
         "ProvidedBy":[
            "QmTs4aJ3kinTjcm6m2oEHrP27uDxENHLniVHZ5CZdKJcwt"
         ]
      },
      "bafybeibtbzl4jjef2v73j4bzt2txuaf6qqus2774vohc2dpbgrg3eyajpe":{
         "Tag":"2021-10-28 06:40:01.209919277 +0000 UTC m=+4604.096974182",
         "Size":50000000,
         "AvgSpeed":5.9604645,
         "DownloadStartedAt":1635403238,
         "DownloadFinishedAt":1635403246,
         "ProvidedBy":[
            "QmTs4aJ3kinTjcm6m2oEHrP27uDxENHLniVHZ5CZdKJcwt"
         ]
      },
      "bafybeicbgl2igtyj3safzdhhz5km7vloylocfva6ke44ew3p2klv6jhvli":{
         "Tag":"2021-10-28 07:46:45.355349104 +0000 UTC m=+2238.766495241",
         "Size":50000000,
         "AvgSpeed":0.58868784,
         "DownloadStartedAt":1635408438,
         "DownloadFinishedAt":1635408519,
         "ProvidedBy":[
            "QmTs4aJ3kinTjcm6m2oEHrP27uDxENHLniVHZ5CZdKJcwt"
         ]
      },
      "bafybeicec6w3larb5wo6of6jk3fp7utg25jjals5igvj44qva35ha57n7y":{
         "Tag":"2021-10-28 06:06:01.150475941 +0000 UTC m=+2564.037531419",
         "Size":50000000,
         "AvgSpeed":6.8119593,
         "DownloadStartedAt":1635401198,
         "DownloadFinishedAt":1635401205,
         "ProvidedBy":[
            "QmTs4aJ3kinTjcm6m2oEHrP27uDxENHLniVHZ5CZdKJcwt"
         ]
      },
      "bafybeicfcw3hmpm5jel6g4f46dlvqe3g3wdcoww7o57z3qwzieepdrqzbu":{
         "Tag":"2021-10-28 06:50:35.357109608 +0000 UTC m=+5238.244164513",
         "Size":50000000,
         "AvgSpeed":11.920929,
         "DownloadStartedAt":1635403878,
         "DownloadFinishedAt":1635403882,
         "ProvidedBy":[
            "QmTs4aJ3kinTjcm6m2oEHrP27uDxENHLniVHZ5CZdKJcwt"
         ]
      },
      "bafybeicfjh7gdl6zzarhypfykkyom5la2x7e52e5pbgsdpeadiz7sufelq":{
         "Tag":"2021-10-28 07:21:14.236666146 +0000 UTC m=+707.647812335",
         "Size":50000000,
         "AvgSpeed":5.2981906,
         "DownloadStartedAt":1635405816,
         "DownloadFinishedAt":1635405825,
         "ProvidedBy":[
            "QmTs4aJ3kinTjcm6m2oEHrP27uDxENHLniVHZ5CZdKJcwt"
         ]
      },
      "bafybeicgouzfte3tafnoyeqjqfhtvkj3olvk2pktcdfxocdqu4b6yi5tqe":{
         "Tag":"2021-10-28 05:23:55.963018154 +0000 UTC m=+38.850073111",
         "Size":50000000,
         "AvgSpeed":11.920929,
         "DownloadStartedAt":1635398650,
         "DownloadFinishedAt":1635398654,
         "ProvidedBy":[
            "QmTs4aJ3kinTjcm6m2oEHrP27uDxENHLniVHZ5CZdKJcwt"
         ]
      },
      "bafybeichq4qxi67gvbaiy546qr2nblwipvx547nnclgf577ojgatfc2wu4":{
         "Tag":"2021-10-28 07:33:58.879698511 +0000 UTC m=+1472.290844700",
         "Size":50000000,
         "AvgSpeed":0.6274173,
         "DownloadStartedAt":1635408438,
         "DownloadFinishedAt":1635408514,
         "ProvidedBy":[
            "QmTs4aJ3kinTjcm6m2oEHrP27uDxENHLniVHZ5CZdKJcwt"
         ]
      },
      "bafybeicipyi42bynfryojgi7fxcqtl7eqjn3yvkyf4h6yx6ka6ah72g5ne":{
         "Tag":"2021-10-28 08:50:07.570843955 +0000 UTC m=+1097.887929738",
         "Size":50000000,
         "AvgSpeed":4.334883,
         "DownloadStartedAt":1635411041,
         "DownloadFinishedAt":1635411052,
         "ProvidedBy":[
            "QmTs4aJ3kinTjcm6m2oEHrP27uDxENHLniVHZ5CZdKJcwt"
         ]
      },
      "bafybeicjjyo6dbwhaqurfhilxlw3ya75qrmvqcxx5nhzhmkhfvtvoov5n4":{
         "Tag":"2021-10-28 08:29:34.710560936 +0000 UTC m=+1352.779929329",
         "Size":50000000,
         "AvgSpeed":4.7683716,
         "DownloadStartedAt":1635409808,
         "DownloadFinishedAt":1635409818,
         "ProvidedBy":[
            "QmTs4aJ3kinTjcm6m2oEHrP27uDxENHLniVHZ5CZdKJcwt"
         ]
      },
      "bafybeicpjuvvompq45y52x4smpbry7sbf4v2p6turoycero4p4636cjmay":{
         "Tag":"2021-10-28 05:59:41.779392648 +0000 UTC m=+2184.666447761",
         "Size":50000000,
         "AvgSpeed":9.536743,
         "DownloadStartedAt":1635400812,
         "DownloadFinishedAt":1635400817,
         "ProvidedBy":[
            "QmTs4aJ3kinTjcm6m2oEHrP27uDxENHLniVHZ5CZdKJcwt"
         ]
      },
      "bafybeicvlc6msdekhe673sw4kllantj7tfbmajpfvhth5ukb5diuttv2cq":{
         "Tag":"2021-10-28 07:25:28.445402612 +0000 UTC m=+961.856549270",
         "Size":50000000,
         "AvgSpeed":5.9604645,
         "DownloadStartedAt":1635405965,
         "DownloadFinishedAt":1635405973,
         "ProvidedBy":[
            "QmTs4aJ3kinTjcm6m2oEHrP27uDxENHLniVHZ5CZdKJcwt"
         ]
      },
      "bafybeicwqu2v336oyypow2lfyxhqgpv64mzwo7maxpcinrcm4ovnjax3vy":{
         "Tag":"2021-10-28 09:26:03.545268133 +0000 UTC m=+1324.423054704",
         "Size":50000000,
         "AvgSpeed":0.7116973,
         "DownloadStartedAt":1635413175,
         "DownloadFinishedAt":1635413242,
         "ProvidedBy":[

         ]
      },
      "bafybeicxtmeyfyqy6cwhak3u4eq4am476vucc3hm76oobze6ocitqzoiwi":{
         "Tag":"2021-10-28 06:48:28.432247365 +0000 UTC m=+5111.319302270",
         "Size":50000000,
         "AvgSpeed":5.9604645,
         "DownloadStartedAt":1635403745,
         "DownloadFinishedAt":1635403753,
         "ProvidedBy":[
            "QmTs4aJ3kinTjcm6m2oEHrP27uDxENHLniVHZ5CZdKJcwt"
         ]
      },
      "bafybeiczi4oc6mrux4ylumwrrduraiyjv7k2lmd4wyfgxszsp44cudmm64":{
         "Tag":"2021-10-28 08:01:40.648122304 +0000 UTC m=+3134.059268441",
         "Size":50000000,
         "AvgSpeed":0.6274173,
         "DownloadStartedAt":1635408438,
         "DownloadFinishedAt":1635408514,
         "ProvidedBy":[
            "QmTs4aJ3kinTjcm6m2oEHrP27uDxENHLniVHZ5CZdKJcwt"
         ]
      },
      "bafybeid2dmexwoamxdfxj6ewqzmcgujugblqbin5aibglq5435vukazhbq":{
         "Tag":"2021-10-28 05:44:57.342765225 +0000 UTC m=+1300.229820130",
         "Size":50000000,
         "AvgSpeed":1.7029898,
         "DownloadStartedAt":1635399904,
         "DownloadFinishedAt":1635399932,
         "ProvidedBy":[
            "QmTs4aJ3kinTjcm6m2oEHrP27uDxENHLniVHZ5CZdKJcwt"
         ]
      },
      "bafybeid2firiw7cdep37vhzsu73ayscnp2rwprdtccoi3rup5tsnwwfak4":{
         "Tag":"2021-10-28 07:44:37.467563319 +0000 UTC m=+2110.878709665",
         "Size":50000000,
         "AvgSpeed":0.6274173,
         "DownloadStartedAt":1635408438,
         "DownloadFinishedAt":1635408514,
         "ProvidedBy":[
            "QmTs4aJ3kinTjcm6m2oEHrP27uDxENHLniVHZ5CZdKJcwt"
         ]
      },
      "bafybeid5w3f4uqfzlrl6gn7isdsmulut2o2e7w3moswv3lhp4wriktlnmy":{
         "Tag":"2021-10-28 07:03:10.499851091 +0000 UTC m=+3.051201562",
         "Size":50000000,
         "AvgSpeed":3.4059796,
         "DownloadStartedAt":1635404976,
         "DownloadFinishedAt":1635404990,
         "ProvidedBy":[

         ]
      },
      "bafybeidcs53lcrv4qcvlteav2og5fvyqazidiof7yfq6zvyxqqavajgisa":{
         "Tag":"2021-10-28 09:32:48.161148968 +0000 UTC m=+1729.038935539",
         "Size":50000000,
         "AvgSpeed":11.920929,
         "DownloadStartedAt":1635413600,
         "DownloadFinishedAt":1635413604,
         "ProvidedBy":[
            "QmTs4aJ3kinTjcm6m2oEHrP27uDxENHLniVHZ5CZdKJcwt"
         ]
      },
      "bafybeidiomho7moa5uhvhfj6rxjqk4nk5cxkt6nx5o5y34vi2qc6d5em54":{
         "Tag":"2021-10-28 10:01:49.368688979 +0000 UTC m=+1360.588633284",
         "Size":50000000,
         "AvgSpeed":5.2981906,
         "DownloadStartedAt":1635415346,
         "DownloadFinishedAt":1635415355,
         "ProvidedBy":[
            "QmTs4aJ3kinTjcm6m2oEHrP27uDxENHLniVHZ5CZdKJcwt"
         ]
      },
      "bafybeidjon5juvlh3axk63vqv5rfyv6cmcxpbjedwalidvphzwwlqt5ltu":{
         "Tag":"2021-10-28 06:44:14.840585847 +0000 UTC m=+4857.727640804",
         "Size":50000000,
         "AvgSpeed":5.9604645,
         "DownloadStartedAt":1635403491,
         "DownloadFinishedAt":1635403499,
         "ProvidedBy":[
            "QmTs4aJ3kinTjcm6m2oEHrP27uDxENHLniVHZ5CZdKJcwt"
         ]
      },
      "bafybeidkeojmdms6kgnjlkftlsi3ymx67ulu3lesv5wqtwd7ydh6lg64xm":{
         "Tag":"2021-10-28 06:12:20.536306681 +0000 UTC m=+2943.423362159",
         "Size":50000000,
         "AvgSpeed":11.920929,
         "DownloadStartedAt":1635401583,
         "DownloadFinishedAt":1635401587,
         "ProvidedBy":[
            "QmTs4aJ3kinTjcm6m2oEHrP27uDxENHLniVHZ5CZdKJcwt"
         ]
      },
      "bafybeidmm5i55qbs7jnf3aw4it5c2dxxerl6qy2sna2y52i2exnt7akpim":{
         "Tag":"2021-10-28 08:41:08.676670828 +0000 UTC m=+558.993756611",
         "Size":50000000,
         "AvgSpeed":3.667978,
         "DownloadStartedAt":1635410485,
         "DownloadFinishedAt":1635410498,
         "ProvidedBy":[
            "QmTs4aJ3kinTjcm6m2oEHrP27uDxENHLniVHZ5CZdKJcwt"
         ]
      },
      "bafybeidnfz4dtxi6gu4ekbg7jinykii6u4oghleaw7lmpxjaqvesjczvue":{
         "Tag":"2021-10-28 05:38:38.692623911 +0000 UTC m=+921.579678816",
         "Size":50000000,
         "AvgSpeed":11.920929,
         "DownloadStartedAt":1635399549,
         "DownloadFinishedAt":1635399553,
         "ProvidedBy":[
            "QmTs4aJ3kinTjcm6m2oEHrP27uDxENHLniVHZ5CZdKJcwt"
         ]
      },
      "bafybeidopakfog3w7rqwiofldxuqsawtonabt3ecu2wl7cubadmxbgkdeu":{
         "Tag":"2021-10-28 08:12:29.544638931 +0000 UTC m=+327.614007533",
         "Size":50000000,
         "AvgSpeed":3.973643,
         "DownloadStartedAt":1635408951,
         "DownloadFinishedAt":1635408963,
         "ProvidedBy":[
            "QmTs4aJ3kinTjcm6m2oEHrP27uDxENHLniVHZ5CZdKJcwt"
         ]
      },
      "bafybeidpbtydhxbwgnlrxfcnr2rgclux7ead5ucairem4nhd7pzj7vy25m":{
         "Tag":"2021-10-28 05:28:07.839887224 +0000 UTC m=+290.726942130",
         "Size":50000000,
         "AvgSpeed":5.9604645,
         "DownloadStartedAt":1635398925,
         "DownloadFinishedAt":1635398933,
         "ProvidedBy":[
            "QmTs4aJ3kinTjcm6m2oEHrP27uDxENHLniVHZ5CZdKJcwt"
         ]
      },
      "bafybeidsjtqvwxgzedawpip657ggqqscqyq25nrszducb723wfe5dw3mly":{
         "Tag":"2021-10-28 09:30:33.822559228 +0000 UTC m=+1594.700345903",
         "Size":50000000,
         "AvgSpeed":4.7683716,
         "DownloadStartedAt":1635413467,
         "DownloadFinishedAt":1635413477,
         "ProvidedBy":[
            "QmTs4aJ3kinTjcm6m2oEHrP27uDxENHLniVHZ5CZdKJcwt"
         ]
      },
      "bafybeidtq52i6y4p7vzkxpslkg65baffxbzgw6jglf2dzrrpzrybks626y":{
         "Tag":"2021-10-28 06:08:07.701986622 +0000 UTC m=+2690.589041579",
         "Size":50000000,
         "AvgSpeed":5.9604645,
         "DownloadStartedAt":1635401324,
         "DownloadFinishedAt":1635401332,
         "ProvidedBy":[
            "QmTs4aJ3kinTjcm6m2oEHrP27uDxENHLniVHZ5CZdKJcwt"
         ]
      },
      "bafybeidvphjn77lfp2ag4ikmgvb647vhgyo7pwsuiqi5vgyafezknzuj7a":{
         "Tag":"2021-10-28 09:10:35.496144529 +0000 UTC m=+396.373931100",
         "Size":50000000,
         "AvgSpeed":11.920929,
         "DownloadStartedAt":1635412284,
         "DownloadFinishedAt":1635412288,
         "ProvidedBy":[
            "QmTs4aJ3kinTjcm6m2oEHrP27uDxENHLniVHZ5CZdKJcwt"
         ]
      },
      "bafybeidvtuoalv4h4qyyxpkkz3sopipljxffr2uzej5uxg7qvxe3gfjdkq":{
         "Tag":"2021-10-28 07:27:36.02137949 +0000 UTC m=+1089.432526096",
         "Size":50000000,
         "AvgSpeed":7.947286,
         "DownloadStartedAt":1635406074,
         "DownloadFinishedAt":1635406080,
         "ProvidedBy":[
            "QmTs4aJ3kinTjcm6m2oEHrP27uDxENHLniVHZ5CZdKJcwt"
         ]
      },
      "bafybeidwcsdfuxor44pzvyih6bmedfgsjcuipoptll36ulxv45kbdnbnle":{
         "Tag":"2021-10-28 06:42:08.03889751 +0000 UTC m=+4730.925952415",
         "Size":50000000,
         "AvgSpeed":5.9604645,
         "DownloadStartedAt":1635403365,
         "DownloadFinishedAt":1635403373,
         "ProvidedBy":[
            "QmTs4aJ3kinTjcm6m2oEHrP27uDxENHLniVHZ5CZdKJcwt"
         ]
      },
      "bafybeidzp3ieiu2h6r6b4vaykmiu37u4huqwuefmcuhismha2pdeyrbhma":{
         "Tag":"2021-10-28 10:10:58.12960054 +0000 UTC m=+1909.349544846",
         "Size":50000000,
         "AvgSpeed":5.9604645,
         "DownloadStartedAt":1635415895,
         "DownloadFinishedAt":1635415903,
         "ProvidedBy":[
            "QmTs4aJ3kinTjcm6m2oEHrP27uDxENHLniVHZ5CZdKJcwt"
         ]
      },
      "bafybeie7ix34nmrib3bel77txsilrw4pqub7w7dcuypzr2weu3qqmvfste":{
         "Tag":"2021-10-28 07:01:10.004904835 +0000 UTC m=+5872.891960365",
         "Size":50000000,
         "AvgSpeed":3.4059796,
         "DownloadStartedAt":1635404976,
         "DownloadFinishedAt":1635404990,
         "ProvidedBy":[
            "QmTs4aJ3kinTjcm6m2oEHrP27uDxENHLniVHZ5CZdKJcwt"
         ]
      },
      "bafybeie7nrc6xs44sbumzmy3vcsdfv6d3jow2cdddyiohf2vhbbwdt7hs4":{
         "Tag":"2021-10-28 06:46:21.567543403 +0000 UTC m=+4984.454598308",
         "Size":50000000,
         "AvgSpeed":7.947286,
         "DownloadStartedAt":1635403600,
         "DownloadFinishedAt":1635403606,
         "ProvidedBy":[
            "QmTs4aJ3kinTjcm6m2oEHrP27uDxENHLniVHZ5CZdKJcwt"
         ]
      },
      "bafybeieg7x3p27rrye4yfcbg4um6hlm75ppkdggckb3mhb2kqc2ile6zpa":{
         "Tag":"2021-10-28 07:29:43.512229077 +0000 UTC m=+1216.923375214",
         "Size":50000000,
         "AvgSpeed":5.9604645,
         "DownloadStartedAt":1635406220,
         "DownloadFinishedAt":1635406228,
         "ProvidedBy":[
            "QmTs4aJ3kinTjcm6m2oEHrP27uDxENHLniVHZ5CZdKJcwt"
         ]
      },
      "bafybeieifb3epijvi2go7ru5jxylziwjoeaitw6b2oj2xzagn5ugtgkqfq":{
         "Tag":"2021-10-28 07:51:01.046593642 +0000 UTC m=+2494.457739779",
         "Size":50000000,
         "AvgSpeed":0.619269,
         "DownloadStartedAt":1635408438,
         "DownloadFinishedAt":1635408515,
         "ProvidedBy":[
            "QmTs4aJ3kinTjcm6m2oEHrP27uDxENHLniVHZ5CZdKJcwt"
         ]
      },
      "bafybeiej634yc7v6jt5ifbxk3qjilpxeq2obs7yk6gmr2qs5cw3daunhyi":{
         "Tag":"2021-10-28 09:08:24.667484995 +0000 UTC m=+265.545271618",
         "Size":50000000,
         "AvgSpeed":7.947286,
         "DownloadStartedAt":1635412138,
         "DownloadFinishedAt":1635412144,
         "ProvidedBy":[
            "QmTs4aJ3kinTjcm6m2oEHrP27uDxENHLniVHZ5CZdKJcwt"
         ]
      },
      "bafybeiej7yqyvpfs5uinrfvqtdc4jktezn2lxmqekbgr7s77icsv6i2wvi":{
         "Tag":"2021-10-28 06:01:48.235174527 +0000 UTC m=+2311.122229796",
         "Size":50000000,
         "AvgSpeed":1.7029898,
         "DownloadStartedAt":1635400915,
         "DownloadFinishedAt":1635400943,
         "ProvidedBy":[
            "QmTs4aJ3kinTjcm6m2oEHrP27uDxENHLniVHZ5CZdKJcwt"
         ]
      },
      "bafybeieofvowb53kvo3let3iiwmsfrfuuvzsl3n4w2pk7n2zuguunshjaa":{
         "Tag":"2021-10-28 05:51:16.184962164 +0000 UTC m=+1679.072017069",
         "Size":50000000,
         "AvgSpeed":9.536743,
         "DownloadStartedAt":1635400295,
         "DownloadFinishedAt":1635400300,
         "ProvidedBy":[
            "QmTs4aJ3kinTjcm6m2oEHrP27uDxENHLniVHZ5CZdKJcwt"
         ]
      },
      "bafybeietfzojpd6qpzwotyuzyizd56nakozzdewuuhnado6exca45qrn4i":{
         "Tag":"2021-10-28 08:56:50.526701562 +0000 UTC m=+1500.843787345",
         "Size":50000000,
         "AvgSpeed":6.8119593,
         "DownloadStartedAt":1635411468,
         "DownloadFinishedAt":1635411475,
         "ProvidedBy":[
            "QmTs4aJ3kinTjcm6m2oEHrP27uDxENHLniVHZ5CZdKJcwt"
         ]
      },
      "bafybeietl7hrmdt4sw2zzyaxjstuewlj555ui52hnjjp6iz7pvm6hgvmai":{
         "Tag":"2021-10-28 06:16:33.568585022 +0000 UTC m=+3196.455639927",
         "Size":50000000,
         "AvgSpeed":5.9604645,
         "DownloadStartedAt":1635401830,
         "DownloadFinishedAt":1635401838,
         "ProvidedBy":[
            "QmTs4aJ3kinTjcm6m2oEHrP27uDxENHLniVHZ5CZdKJcwt"
         ]
      },
      "bafybeietw4phcwexglyt7pma4b3bilhj3y35bdigqglg5i5g65ahx5qtae":{
         "Tag":"2021-10-28 05:36:32.48517349 +0000 UTC m=+795.372228395",
         "Size":50000000,
         "AvgSpeed":6.8119593,
         "DownloadStartedAt":1635399430,
         "DownloadFinishedAt":1635399437,
         "ProvidedBy":[
            "QmTs4aJ3kinTjcm6m2oEHrP27uDxENHLniVHZ5CZdKJcwt"
         ]
      },
      "bafybeiewxc4ew4uapxe5mwsreksu75mhs4roxjndrohobbzxcmkoy3qpqe":{
         "Tag":"2021-10-28 06:52:42.234970862 +0000 UTC m=+5365.122025819",
         "Size":50000000,
         "AvgSpeed":11.920929,
         "DownloadStartedAt":1635404005,
         "DownloadFinishedAt":1635404009,
         "ProvidedBy":[
            "QmTs4aJ3kinTjcm6m2oEHrP27uDxENHLniVHZ5CZdKJcwt"
         ]
      },
      "bafybeieyzjbzxmeyrc6tbqtmshphaxkxoubkewyq7xy45bs7chctc5qwem":{
         "Tag":"2021-10-28 07:40:21.796163052 +0000 UTC m=+1855.207309189",
         "Size":50000000,
         "AvgSpeed":0.58868784,
         "DownloadStartedAt":1635408438,
         "DownloadFinishedAt":1635408519,
         "ProvidedBy":[
            "QmTs4aJ3kinTjcm6m2oEHrP27uDxENHLniVHZ5CZdKJcwt"
         ]
      },
      "bafybeif3g3sjzpnoghrcq73c7enn2aodwje23sp7klkogwv3r6tm2odg2e":{
         "Tag":"2021-10-28 08:05:56.493917415 +0000 UTC m=+3389.905063552",
         "Size":50000000,
         "AvgSpeed":0.6274173,
         "DownloadStartedAt":1635408438,
         "DownloadFinishedAt":1635408514,
         "ProvidedBy":[

         ]
      },
      "bafybeif3gqgr5iddnpgvj3gui4dvgwqr6g4lsmr2i6mweh7nadmeubzkje":{
         "Tag":"2021-10-28 05:34:26.290151455 +0000 UTC m=+669.177206360",
         "Size":50000000,
         "AvgSpeed":9.536743,
         "DownloadStartedAt":1635399285,
         "DownloadFinishedAt":1635399290,
         "ProvidedBy":[
            "QmTs4aJ3kinTjcm6m2oEHrP27uDxENHLniVHZ5CZdKJcwt"
         ]
      },
      "bafybeif56lyxn7pimxpdcunczyxpgc4fxhu4ez2cvqzrt74r4tzvo2qqwy":{
         "Tag":"2021-10-28 10:04:06.606107624 +0000 UTC m=+1497.826051930",
         "Size":50000000,
         "AvgSpeed":7.947286,
         "DownloadStartedAt":1635415486,
         "DownloadFinishedAt":1635415492,
         "ProvidedBy":[
            "QmTs4aJ3kinTjcm6m2oEHrP27uDxENHLniVHZ5CZdKJcwt"
         ]
      },
      "bafybeif66facbn2iybkjdv5qcqz4f6mwxxwqdhsom4i475yzybvbc4paj4":{
         "Tag":"2021-10-28 09:55:00.357077937 +0000 UTC m=+951.577022659",
         "Size":50000000,
         "AvgSpeed":9.536743,
         "DownloadStartedAt":1635414940,
         "DownloadFinishedAt":1635414945,
         "ProvidedBy":[
            "QmTs4aJ3kinTjcm6m2oEHrP27uDxENHLniVHZ5CZdKJcwt"
         ]
      },
      "bafybeif7ttgxjfagfmy4socxdvxlyroygkfps3cmlve7n6qwrmg6dgkuny":{
         "Tag":"2021-10-28 08:27:26.046029475 +0000 UTC m=+1224.115397868",
         "Size":50000000,
         "AvgSpeed":7.947286,
         "DownloadStartedAt":1635409758,
         "DownloadFinishedAt":1635409764,
         "ProvidedBy":[
            "QmTs4aJ3kinTjcm6m2oEHrP27uDxENHLniVHZ5CZdKJcwt"
         ]
      },
      "bafybeifbgptr57xfxxb7uoxcoxigqfskesf6jgcllsax3lgvs2d7ubl2qm":{
         "Tag":"2021-10-28 09:28:19.188580581 +0000 UTC m=+1460.066367152",
         "Size":50000000,
         "AvgSpeed":11.920929,
         "DownloadStartedAt":1635413345,
         "DownloadFinishedAt":1635413349,
         "ProvidedBy":[
            "QmTs4aJ3kinTjcm6m2oEHrP27uDxENHLniVHZ5CZdKJcwt"
         ]
      },
      "bafybeifca7cscw25j2wq2inmkm3vyh5jnfzuxe5bcp7lapuktvgtu4rv7m":{
         "Tag":"2021-10-28 05:32:20.136604264 +0000 UTC m=+543.023659273",
         "Size":50000000,
         "AvgSpeed":6.8119593,
         "DownloadStartedAt":1635399177,
         "DownloadFinishedAt":1635399184,
         "ProvidedBy":[
            "QmTs4aJ3kinTjcm6m2oEHrP27uDxENHLniVHZ5CZdKJcwt"
         ]
      },
      "bafybeifccleidl4yo6rpxk2lxwhgb2pvf5nxvu2u5mqghjjkttmtew4tzm":{
         "Tag":"2021-10-28 06:54:49.146484563 +0000 UTC m=+5492.033539468",
         "Size":50000000,
         "AvgSpeed":9.536743,
         "DownloadStartedAt":1635404108,
         "DownloadFinishedAt":1635404113,
         "ProvidedBy":[
            "QmTs4aJ3kinTjcm6m2oEHrP27uDxENHLniVHZ5CZdKJcwt"
         ]
      },
      "bafybeifhawq5fhalntivyugvypoxosvmtmzov5qb6vkgf5qrowcjddr574":{
         "Tag":"2021-10-28 09:39:13.385225173 +0000 UTC m=+4.605169478",
         "Size":50000000,
         "AvgSpeed":5.9604645,
         "DownloadStartedAt":1635413983,
         "DownloadFinishedAt":1635413991,
         "ProvidedBy":[
            "QmTs4aJ3kinTjcm6m2oEHrP27uDxENHLniVHZ5CZdKJcwt"
         ]
      },
      "bafybeifihpykvziqiza32f5cqrh7otsdeclm4ux64zuhup64iqxmuhumfm":{
         "Tag":"2021-10-28 07:38:14.099528049 +0000 UTC m=+1727.510674186",
         "Size":50000000,
         "AvgSpeed":0.58868784,
         "DownloadStartedAt":1635408438,
         "DownloadFinishedAt":1635408519,
         "ProvidedBy":[
            "QmTs4aJ3kinTjcm6m2oEHrP27uDxENHLniVHZ5CZdKJcwt"
         ]
      },
      "bafybeiflmebt3rc7c3da5b72dmqcfch3wzm5vxohauv6a6sesxhj6xjtxq":{
         "Tag":"2021-10-28 08:23:08.597052594 +0000 UTC m=+966.666421143",
         "Size":50000000,
         "AvgSpeed":4.334883,
         "DownloadStartedAt":1635409422,
         "DownloadFinishedAt":1635409433,
         "ProvidedBy":[
            "QmTs4aJ3kinTjcm6m2oEHrP27uDxENHLniVHZ5CZdKJcwt"
         ]
      },
      "bafybeifo2wcrd2iq663p3c3igx7jsxu22fj5uqybltiqgxen5sxsdadbmq":{
         "Tag":"2021-10-28 06:33:41.076504109 +0000 UTC m=+4223.963559067",
         "Size":50000000,
         "AvgSpeed":15.894572,
         "DownloadStartedAt":1635402894,
         "DownloadFinishedAt":1635402897,
         "ProvidedBy":[
            "QmTs4aJ3kinTjcm6m2oEHrP27uDxENHLniVHZ5CZdKJcwt"
         ]
      },
      "bafybeifqgeeabq6456poqdjoagpbsbieb25kkftbv33wk7m5bmwiginc4e":{
         "Tag":"2021-10-28 09:12:46.767013229 +0000 UTC m=+527.644799800",
         "Size":50000000,
         "AvgSpeed":4.7683716,
         "DownloadStartedAt":1635412400,
         "DownloadFinishedAt":1635412410,
         "ProvidedBy":[
            "QmTs4aJ3kinTjcm6m2oEHrP27uDxENHLniVHZ5CZdKJcwt"
         ]
      },
      "bafybeifsmuutpjvyszibhdbaetsh4kwn5c2ywipjksb2ffn5suukjv2mqu":{
         "Tag":"2021-10-28 05:26:01.827868106 +0000 UTC m=+164.714923011",
         "Size":50000000,
         "AvgSpeed":15.894572,
         "DownloadStartedAt":1635398794,
         "DownloadFinishedAt":1635398797,
         "ProvidedBy":[

         ]
      },
      "bafybeifsuatbmxnf6welut6pv63uu36vmjdk2i5ucja7edmfnqq5mrxeba":{
         "Tag":"2021-10-28 07:48:53.15821593 +0000 UTC m=+2366.569362067",
         "Size":50000000,
         "AvgSpeed":0.6274173,
         "DownloadStartedAt":1635408438,
         "DownloadFinishedAt":1635408514,
         "ProvidedBy":[
            "QmTs4aJ3kinTjcm6m2oEHrP27uDxENHLniVHZ5CZdKJcwt"
         ]
      },
      "bafybeig2qbjcik5fupimo7kp6lo6l7cquxihwmaaey7rnncuasjytfooma":{
         "Tag":"2021-10-28 09:01:19.547416512 +0000 UTC m=+1769.864502295",
         "Size":50000000,
         "AvgSpeed":9.536743,
         "DownloadStartedAt":1635411710,
         "DownloadFinishedAt":1635411715,
         "ProvidedBy":[
            "QmTs4aJ3kinTjcm6m2oEHrP27uDxENHLniVHZ5CZdKJcwt"
         ]
      },
      "bafybeig4r2du5hgnkjg7vpyfg6wkpub5tdsyowqtgx4wm676ponbqfrmhe":{
         "Tag":"2021-10-28 08:45:37.93103635 +0000 UTC m=+828.248122237",
         "Size":50000000,
         "AvgSpeed":3.973643,
         "DownloadStartedAt":1635410771,
         "DownloadFinishedAt":1635410783,
         "ProvidedBy":[
            "QmTs4aJ3kinTjcm6m2oEHrP27uDxENHLniVHZ5CZdKJcwt"
         ]
      },
      "bafybeig7i4s47r5zxgbgzac3ozsjsotulur5cn2vev5di4jouvicacv66a":{
         "Tag":"2021-10-28 05:40:44.91932605 +0000 UTC m=+1047.806380955",
         "Size":50000000,
         "AvgSpeed":7.947286,
         "DownloadStartedAt":1635399663,
         "DownloadFinishedAt":1635399669,
         "ProvidedBy":[
            "QmTs4aJ3kinTjcm6m2oEHrP27uDxENHLniVHZ5CZdKJcwt"
         ]
      },
      "bafybeigby7e77btzbnfqu3rsglavc4p5gdiyiiiahaf4trk6osqmymej5y":{
         "Tag":"2021-10-28 05:53:22.52889847 +0000 UTC m=+1805.415953375",
         "Size":50000000,
         "AvgSpeed":5.9604645,
         "DownloadStartedAt":1635400439,
         "DownloadFinishedAt":1635400447,
         "ProvidedBy":[
            "QmTs4aJ3kinTjcm6m2oEHrP27uDxENHLniVHZ5CZdKJcwt"
         ]
      },
      "bafybeigcuh4qm327xqcxlvk2z2wgacgnmukdf3bx67aimfdquyajev2u3y":{
         "Tag":"2021-10-28 08:20:59.985061028 +0000 UTC m=+838.054429421",
         "Size":50000000,
         "AvgSpeed":4.7683716,
         "DownloadStartedAt":1635409293,
         "DownloadFinishedAt":1635409303,
         "ProvidedBy":[
            "QmTs4aJ3kinTjcm6m2oEHrP27uDxENHLniVHZ5CZdKJcwt"
         ]
      },
      "bafybeighcf6s4dwf5unqwhq6whjfa76ofa22s5g3fsvuahno3tlu7abw44":{
         "Tag":"2021-10-28 09:41:25.601703717 +0000 UTC m=+136.821648022",
         "Size":50000000,
         "AvgSpeed":4.7683716,
         "DownloadStartedAt":1635414122,
         "DownloadFinishedAt":1635414132,
         "ProvidedBy":[
            "QmTs4aJ3kinTjcm6m2oEHrP27uDxENHLniVHZ5CZdKJcwt"
         ]
      }
   },
   "NodeMatrix":{
      "QmZ4d27WXRL4aQs7vFbQicAVqZpefo1E7WCqz4GxmubbjG":{
         "ConnectionAlive":false,
         "ConnectionSuccessCount":25,
         "ConnectionFailureCount":0,
         "LastSuccessfulConnectionDuration":9,
         "BLEDiscoveredAt":1636263612,
         "WifiConnectedAt":0,
         "RSSI":0,
         "Speed":0,
         "Frequency":0,
         "IPFSConnectedAt":0,
         "DiscoveryDelays":[
            4,
            5,
            6,
            4,
            9,
            3,
            4,
            5,
            7,
            8,
            4,
            10,
            5,
            7,
            4,
            12,
            14,
            3,
            5,
            12,
            4,
            9,
            4,
            8,
            5,
            9,
            7,
            8,
            7,
            5,
            4,
            7,
            3,
            12,
            4,
            7,
            3,
            5,
            10,
            5,
            5,
            4,
            13,
            3,
            14,
            6,
            7,
            5,
            17,
            10,
            3,
            46,
            11,
            4,
            14,
            3,
            7,
            4,
            8,
            4,
            7,
            5,
            12,
            4,
            8,
            6,
            5,
            13,
            5,
            14,
            11,
            9,
            13,
            3,
            6,
            5,
            3,
            10,
            7,
            9,
            11,
            4,
            6,
            46,
            18,
            5,
            8,
            4,
            3,
            10,
            3,
            2,
            63,
            9,
            4,
            18,
            7,
            12,
            3,
            12
         ],
         "ConnectionHistory":[
            {
               "BLEDiscoveredAt":1635398642,
               "WifiConnectedAt":0,
               "RSSI":0,
               "Speed":0,
               "Frequency":0,
               "IPFSConnectedAt":1635398646,
               "DisconnectedAt":1635398658
            },
            {
               "BLEDiscoveredAt":1635398765,
               "WifiConnectedAt":0,
               "RSSI":0,
               "Speed":0,
               "Frequency":0,
               "IPFSConnectedAt":1635398770,
               "DisconnectedAt":1635398772
            },
            {
               "BLEDiscoveredAt":1635398785,
               "WifiConnectedAt":0,
               "RSSI":0,
               "Speed":0,
               "Frequency":0,
               "IPFSConnectedAt":1635398791,
               "DisconnectedAt":1635398798
            },
            {
               "BLEDiscoveredAt":1635398890,
               "WifiConnectedAt":0,
               "RSSI":0,
               "Speed":0,
               "Frequency":0,
               "IPFSConnectedAt":1635398894,
               "DisconnectedAt":1635398898
            },
            {
               "BLEDiscoveredAt":1635398912,
               "WifiConnectedAt":0,
               "RSSI":0,
               "Speed":0,
               "Frequency":0,
               "IPFSConnectedAt":1635398921,
               "DisconnectedAt":1635398938
            },
            {
               "BLEDiscoveredAt":1635399017,
               "WifiConnectedAt":0,
               "RSSI":0,
               "Speed":0,
               "Frequency":0,
               "IPFSConnectedAt":1635399020,
               "DisconnectedAt":1635399024
            },
            {
               "BLEDiscoveredAt":1635399038,
               "WifiConnectedAt":0,
               "RSSI":0,
               "Speed":0,
               "Frequency":0,
               "IPFSConnectedAt":1635399042,
               "DisconnectedAt":1635399053
            },
            {
               "BLEDiscoveredAt":1635399058,
               "WifiConnectedAt":0,
               "RSSI":0,
               "Speed":0,
               "Frequency":0,
               "IPFSConnectedAt":1635399063,
               "DisconnectedAt":1635399065
            },
            {
               "BLEDiscoveredAt":1635399143,
               "WifiConnectedAt":0,
               "RSSI":0,
               "Speed":0,
               "Frequency":0,
               "IPFSConnectedAt":1635399150,
               "DisconnectedAt":1635399151
            },
            {
               "BLEDiscoveredAt":1635399164,
               "WifiConnectedAt":0,
               "RSSI":0,
               "Speed":0,
               "Frequency":0,
               "IPFSConnectedAt":1635399172,
               "DisconnectedAt":1635399185
            },
            {
               "BLEDiscoveredAt":1635399185,
               "WifiConnectedAt":0,
               "RSSI":0,
               "Speed":0,
               "Frequency":0,
               "IPFSConnectedAt":1635399189,
               "DisconnectedAt":1635399191
            },
            {
               "BLEDiscoveredAt":1635399269,
               "WifiConnectedAt":0,
               "RSSI":0,
               "Speed":0,
               "Frequency":0,
               "IPFSConnectedAt":1635399279,
               "DisconnectedAt":1635399291
            },
            {
               "BLEDiscoveredAt":1635399396,
               "WifiConnectedAt":0,
               "RSSI":0,
               "Speed":0,
               "Frequency":0,
               "IPFSConnectedAt":1635399401,
               "DisconnectedAt":1635399401
            },
            {
               "BLEDiscoveredAt":1635399416,
               "WifiConnectedAt":0,
               "RSSI":0,
               "Speed":0,
               "Frequency":0,
               "IPFSConnectedAt":1635399423,
               "DisconnectedAt":1635399440
            },
            {
               "BLEDiscoveredAt":1635399543,
               "WifiConnectedAt":0,
               "RSSI":0,
               "Speed":0,
               "Frequency":0,
               "IPFSConnectedAt":1635399547,
               "DisconnectedAt":1635399553
            },
            {
               "BLEDiscoveredAt":1635399647,
               "WifiConnectedAt":0,
               "RSSI":0,
               "Speed":0,
               "Frequency":0,
               "IPFSConnectedAt":1635399659,
               "DisconnectedAt":1635399669
            },
            {
               "BLEDiscoveredAt":1635399774,
               "WifiConnectedAt":0,
               "RSSI":0,
               "Speed":0,
               "Frequency":0,
               "IPFSConnectedAt":1635399788,
               "DisconnectedAt":1635399796
            },
            {
               "BLEDiscoveredAt":1635399900,
               "WifiConnectedAt":0,
               "RSSI":0,
               "Speed":0,
               "Frequency":0,
               "IPFSConnectedAt":1635399903,
               "DisconnectedAt":1635399904
            },
            {
               "BLEDiscoveredAt":1635399921,
               "WifiConnectedAt":0,
               "RSSI":0,
               "Speed":0,
               "Frequency":0,
               "IPFSConnectedAt":1635399926,
               "DisconnectedAt":1635399932
            },
            {
               "BLEDiscoveredAt":1635400026,
               "WifiConnectedAt":0,
               "RSSI":0,
               "Speed":0,
               "Frequency":0,
               "IPFSConnectedAt":1635400038,
               "DisconnectedAt":1635400048
            },
            {
               "BLEDiscoveredAt":1635400173,
               "WifiConnectedAt":0,
               "RSSI":0,
               "Speed":0,
               "Frequency":0,
               "IPFSConnectedAt":1635400177,
               "DisconnectedAt":1635400184
            },
            {
               "BLEDiscoveredAt":1635400279,
               "WifiConnectedAt":0,
               "RSSI":0,
               "Speed":0,
               "Frequency":0,
               "IPFSConnectedAt":1635400288,
               "DisconnectedAt":1635400301
            },
            {
               "BLEDiscoveredAt":1635400406,
               "WifiConnectedAt":0,
               "RSSI":0,
               "Speed":0,
               "Frequency":0,
               "IPFSConnectedAt":1635400410,
               "DisconnectedAt":1635400411
            },
            {
               "BLEDiscoveredAt":1635400426,
               "WifiConnectedAt":0,
               "RSSI":0,
               "Speed":0,
               "Frequency":0,
               "IPFSConnectedAt":1635400434,
               "DisconnectedAt":1635400447
            },
            {
               "BLEDiscoveredAt":1635400531,
               "WifiConnectedAt":0,
               "RSSI":0,
               "Speed":0,
               "Frequency":0,
               "IPFSConnectedAt":1635400536,
               "DisconnectedAt":1635400537
            },
            {
               "BLEDiscoveredAt":1635400553,
               "WifiConnectedAt":0,
               "RSSI":0,
               "Speed":0,
               "Frequency":0,
               "IPFSConnectedAt":1635400562,
               "DisconnectedAt":1635400575
            },
            {
               "BLEDiscoveredAt":1635400658,
               "WifiConnectedAt":0,
               "RSSI":0,
               "Speed":0,
               "Frequency":0,
               "IPFSConnectedAt":1635400665,
               "DisconnectedAt":1635400666
            },
            {
               "BLEDiscoveredAt":1635400679,
               "WifiConnectedAt":0,
               "RSSI":0,
               "Speed":0,
               "Frequency":0,
               "IPFSConnectedAt":1635400687,
               "DisconnectedAt":1635400700
            },
            {
               "BLEDiscoveredAt":1635400785,
               "WifiConnectedAt":0,
               "RSSI":0,
               "Speed":0,
               "Frequency":0,
               "IPFSConnectedAt":1635400792,
               "DisconnectedAt":1635400792
            },
            {
               "BLEDiscoveredAt":1635400806,
               "WifiConnectedAt":0,
               "RSSI":0,
               "Speed":0,
               "Frequency":0,
               "IPFSConnectedAt":1635400811,
               "DisconnectedAt":1635400818
            },
            {
               "BLEDiscoveredAt":1635400911,
               "WifiConnectedAt":0,
               "RSSI":0,
               "Speed":0,
               "Frequency":0,
               "IPFSConnectedAt":1635400915,
               "DisconnectedAt":1635400916
            },
            {
               "BLEDiscoveredAt":1635400932,
               "WifiConnectedAt":0,
               "RSSI":0,
               "Speed":0,
               "Frequency":0,
               "IPFSConnectedAt":1635400939,
               "DisconnectedAt":1635400944
            },
            {
               "BLEDiscoveredAt":1635401038,
               "WifiConnectedAt":0,
               "RSSI":0,
               "Speed":0,
               "Frequency":0,
               "IPFSConnectedAt":1635401041,
               "DisconnectedAt":1635401043
            },
            {
               "BLEDiscoveredAt":1635401058,
               "WifiConnectedAt":0,
               "RSSI":0,
               "Speed":0,
               "Frequency":0,
               "IPFSConnectedAt":1635401070,
               "DisconnectedAt":1635401080
            },
            {
               "BLEDiscoveredAt":1635401164,
               "WifiConnectedAt":0,
               "RSSI":0,
               "Speed":0,
               "Frequency":0,
               "IPFSConnectedAt":1635401168,
               "DisconnectedAt":1635401169
            },
            {
               "BLEDiscoveredAt":1635401185,
               "WifiConnectedAt":0,
               "RSSI":0,
               "Speed":0,
               "Frequency":0,
               "IPFSConnectedAt":1635401192,
               "DisconnectedAt":1635401205
            },
            {
               "BLEDiscoveredAt":1635401206,
               "WifiConnectedAt":0,
               "RSSI":0,
               "Speed":0,
               "Frequency":0,
               "IPFSConnectedAt":1635401209,
               "DisconnectedAt":1635401209
            },
            {
               "BLEDiscoveredAt":1635401290,
               "WifiConnectedAt":0,
               "RSSI":0,
               "Speed":0,
               "Frequency":0,
               "IPFSConnectedAt":1635401295,
               "DisconnectedAt":1635401295
            },
            {
               "BLEDiscoveredAt":1635401311,
               "WifiConnectedAt":0,
               "RSSI":0,
               "Speed":0,
               "Frequency":0,
               "IPFSConnectedAt":1635401321,
               "DisconnectedAt":1635401333
            },
            {
               "BLEDiscoveredAt":1635401417,
               "WifiConnectedAt":0,
               "RSSI":0,
               "Speed":0,
               "Frequency":0,
               "IPFSConnectedAt":1635401422,
               "DisconnectedAt":1635401424
            },
            {
               "BLEDiscoveredAt":1635401438,
               "WifiConnectedAt":0,
               "RSSI":0,
               "Speed":0,
               "Frequency":0,
               "IPFSConnectedAt":1635401443,
               "DisconnectedAt":1635401450
            },
            {
               "BLEDiscoveredAt":1635401543,
               "WifiConnectedAt":0,
               "RSSI":0,
               "Speed":0,
               "Frequency":0,
               "IPFSConnectedAt":1635401547,
               "DisconnectedAt":1635401547
            },
            {
               "BLEDiscoveredAt":1635401564,
               "WifiConnectedAt":0,
               "RSSI":0,
               "Speed":0,
               "Frequency":0,
               "IPFSConnectedAt":1635401577,
               "DisconnectedAt":1635401587
            },
            {
               "BLEDiscoveredAt":1635401670,
               "WifiConnectedAt":0,
               "RSSI":0,
               "Speed":0,
               "Frequency":0,
               "IPFSConnectedAt":1635401673,
               "DisconnectedAt":1635401674
            },
            {
               "BLEDiscoveredAt":1635401691,
               "WifiConnectedAt":0,
               "RSSI":0,
               "Speed":0,
               "Frequency":0,
               "IPFSConnectedAt":1635401705,
               "DisconnectedAt":1635401715
            },
            {
               "BLEDiscoveredAt":1635401796,
               "WifiConnectedAt":0,
               "RSSI":0,
               "Speed":0,
               "Frequency":0,
               "IPFSConnectedAt":1635401802,
               "DisconnectedAt":1635401802
            },
            {
               "BLEDiscoveredAt":1635401817,
               "WifiConnectedAt":0,
               "RSSI":0,
               "Speed":0,
               "Frequency":0,
               "IPFSConnectedAt":1635401824,
               "DisconnectedAt":1635401839
            },
            {
               "BLEDiscoveredAt":1635401923,
               "WifiConnectedAt":0,
               "RSSI":0,
               "Speed":0,
               "Frequency":0,
               "IPFSConnectedAt":1635401928,
               "DisconnectedAt":1635401930
            },
            {
               "BLEDiscoveredAt":1635401944,
               "WifiConnectedAt":0,
               "RSSI":0,
               "Speed":0,
               "Frequency":0,
               "IPFSConnectedAt":1635401961,
               "DisconnectedAt":1635401967
            },
            {
               "BLEDiscoveredAt":1635402698,
               "WifiConnectedAt":0,
               "RSSI":0,
               "Speed":0,
               "Frequency":0,
               "IPFSConnectedAt":1635402708,
               "DisconnectedAt":1635402725
            },
            {
               "BLEDiscoveredAt":1635402824,
               "WifiConnectedAt":0,
               "RSSI":0,
               "Speed":0,
               "Frequency":0,
               "IPFSConnectedAt":1635402827,
               "DisconnectedAt":1635402830
            },
            {
               "BLEDiscoveredAt":1635402845,
               "WifiConnectedAt":0,
               "RSSI":0,
               "Speed":0,
               "Frequency":0,
               "IPFSConnectedAt":1635402891,
               "DisconnectedAt":1635402900
            },
            {
               "BLEDiscoveredAt":1635402950,
               "WifiConnectedAt":0,
               "RSSI":0,
               "Speed":0,
               "Frequency":0,
               "IPFSConnectedAt":1635402961,
               "DisconnectedAt":1635402972
            },
            {
               "BLEDiscoveredAt":0,
               "WifiConnectedAt":0,
               "RSSI":0,
               "Speed":0,
               "Frequency":0,
               "IPFSConnectedAt":1635403009,
               "DisconnectedAt":1635403010
            },
            {
               "BLEDiscoveredAt":1635403077,
               "WifiConnectedAt":0,
               "RSSI":0,
               "Speed":0,
               "Frequency":0,
               "IPFSConnectedAt":1635403081,
               "DisconnectedAt":1635403082
            },
            {
               "BLEDiscoveredAt":1635403098,
               "WifiConnectedAt":0,
               "RSSI":0,
               "Speed":0,
               "Frequency":0,
               "IPFSConnectedAt":1635403112,
               "DisconnectedAt":1635403122
            },
            {
               "BLEDiscoveredAt":1635403204,
               "WifiConnectedAt":0,
               "RSSI":0,
               "Speed":0,
               "Frequency":0,
               "IPFSConnectedAt":1635403207,
               "DisconnectedAt":1635403209
            },
            {
               "BLEDiscoveredAt":1635403225,
               "WifiConnectedAt":0,
               "RSSI":0,
               "Speed":0,
               "Frequency":0,
               "IPFSConnectedAt":1635403232,
               "DisconnectedAt":1635403246
            },
            {
               "BLEDiscoveredAt":1635403331,
               "WifiConnectedAt":0,
               "RSSI":0,
               "Speed":0,
               "Frequency":0,
               "IPFSConnectedAt":1635403335,
               "DisconnectedAt":1635403335
            },
            {
               "BLEDiscoveredAt":1635403351,
               "WifiConnectedAt":0,
               "RSSI":0,
               "Speed":0,
               "Frequency":0,
               "IPFSConnectedAt":1635403359,
               "DisconnectedAt":1635403376
            },
            {
               "BLEDiscoveredAt":1635403458,
               "WifiConnectedAt":0,
               "RSSI":0,
               "Speed":0,
               "Frequency":0,
               "IPFSConnectedAt":1635403462,
               "DisconnectedAt":1635403462
            },
            {
               "BLEDiscoveredAt":1635403478,
               "WifiConnectedAt":0,
               "RSSI":0,
               "Speed":0,
               "Frequency":0,
               "IPFSConnectedAt":1635403485,
               "DisconnectedAt":1635403499
            },
            {
               "BLEDiscoveredAt":1635403499,
               "WifiConnectedAt":0,
               "RSSI":0,
               "Speed":0,
               "Frequency":0,
               "IPFSConnectedAt":1635403504,
               "DisconnectedAt":1635403505
            },
            {
               "BLEDiscoveredAt":1635403584,
               "WifiConnectedAt":0,
               "RSSI":0,
               "Speed":0,
               "Frequency":0,
               "IPFSConnectedAt":1635403596,
               "DisconnectedAt":1635403606
            },
            {
               "BLEDiscoveredAt":1635403712,
               "WifiConnectedAt":0,
               "RSSI":0,
               "Speed":0,
               "Frequency":0,
               "IPFSConnectedAt":1635403716,
               "DisconnectedAt":1635403716
            },
            {
               "BLEDiscoveredAt":1635403732,
               "WifiConnectedAt":0,
               "RSSI":0,
               "Speed":0,
               "Frequency":0,
               "IPFSConnectedAt":1635403740,
               "DisconnectedAt":1635403753
            },
            {
               "BLEDiscoveredAt":1635403754,
               "WifiConnectedAt":0,
               "RSSI":0,
               "Speed":0,
               "Frequency":0,
               "IPFSConnectedAt":1635403760,
               "DisconnectedAt":1635403762
            },
            {
               "BLEDiscoveredAt":1635403838,
               "WifiConnectedAt":0,
               "RSSI":0,
               "Speed":0,
               "Frequency":0,
               "IPFSConnectedAt":1635403843,
               "DisconnectedAt":1635403843
            },
            {
               "BLEDiscoveredAt":1635403859,
               "WifiConnectedAt":0,
               "RSSI":0,
               "Speed":0,
               "Frequency":0,
               "IPFSConnectedAt":1635403872,
               "DisconnectedAt":1635403883
            },
            {
               "BLEDiscoveredAt":1635403965,
               "WifiConnectedAt":0,
               "RSSI":0,
               "Speed":0,
               "Frequency":0,
               "IPFSConnectedAt":1635403970,
               "DisconnectedAt":1635403970
            },
            {
               "BLEDiscoveredAt":1635403986,
               "WifiConnectedAt":0,
               "RSSI":0,
               "Speed":0,
               "Frequency":0,
               "IPFSConnectedAt":1635404000,
               "DisconnectedAt":1635404010
            },
            {
               "BLEDiscoveredAt":1635404092,
               "WifiConnectedAt":0,
               "RSSI":0,
               "Speed":0,
               "Frequency":0,
               "IPFSConnectedAt":1635404103,
               "DisconnectedAt":1635404113
            },
            {
               "BLEDiscoveredAt":1635404218,
               "WifiConnectedAt":0,
               "RSSI":0,
               "Speed":0,
               "Frequency":0,
               "IPFSConnectedAt":1635404227,
               "DisconnectedAt":1635404228
            },
            {
               "BLEDiscoveredAt":1635404240,
               "WifiConnectedAt":0,
               "RSSI":0,
               "Speed":0,
               "Frequency":0,
               "IPFSConnectedAt":1635404253,
               "DisconnectedAt":1635404267
            },
            {
               "BLEDiscoveredAt":1635404346,
               "WifiConnectedAt":0,
               "RSSI":0,
               "Speed":0,
               "Frequency":0,
               "IPFSConnectedAt":1635404349,
               "DisconnectedAt":1635404350
            },
            {
               "BLEDiscoveredAt":1635404367,
               "WifiConnectedAt":0,
               "RSSI":0,
               "Speed":0,
               "Frequency":0,
               "IPFSConnectedAt":1635404373,
               "DisconnectedAt":1635404389
            },
            {
               "BLEDiscoveredAt":1635404472,
               "WifiConnectedAt":0,
               "RSSI":0,
               "Speed":0,
               "Frequency":0,
               "IPFSConnectedAt":1635404477,
               "DisconnectedAt":1635404477
            },
            {
               "BLEDiscoveredAt":1635404970,
               "WifiConnectedAt":0,
               "RSSI":0,
               "Speed":0,
               "Frequency":0,
               "IPFSConnectedAt":1635404973,
               "DisconnectedAt":1635405098
            },
            {
               "BLEDiscoveredAt":1635405803,
               "WifiConnectedAt":0,
               "RSSI":0,
               "Speed":0,
               "Frequency":0,
               "IPFSConnectedAt":1635405813,
               "DisconnectedAt":1635405829
            },
            {
               "BLEDiscoveredAt":1635405952,
               "WifiConnectedAt":0,
               "RSSI":0,
               "Speed":0,
               "Frequency":0,
               "IPFSConnectedAt":1635405959,
               "DisconnectedAt":1635405979
            },
            {
               "BLEDiscoveredAt":1635406059,
               "WifiConnectedAt":0,
               "RSSI":0,
               "Speed":0,
               "Frequency":0,
               "IPFSConnectedAt":1635406068,
               "DisconnectedAt":1635406081
            },
            {
               "BLEDiscoveredAt":1635406207,
               "WifiConnectedAt":0,
               "RSSI":0,
               "Speed":0,
               "Frequency":0,
               "IPFSConnectedAt":1635406218,
               "DisconnectedAt":1635406230
            },
            {
               "BLEDiscoveredAt":1635406335,
               "WifiConnectedAt":0,
               "RSSI":0,
               "Speed":0,
               "Frequency":0,
               "IPFSConnectedAt":1635406339,
               "DisconnectedAt":1635406347
            },
            {
               "BLEDiscoveredAt":1635408425,
               "WifiConnectedAt":0,
               "RSSI":0,
               "Speed":0,
               "Frequency":0,
               "IPFSConnectedAt":1635408431,
               "DisconnectedAt":1635408523
            },
            {
               "BLEDiscoveredAt":1635408900,
               "WifiConnectedAt":0,
               "RSSI":0,
               "Speed":0,
               "Frequency":0,
               "IPFSConnectedAt":1635408946,
               "DisconnectedAt":1635408964
            },
            {
               "BLEDiscoveredAt":1635409028,
               "WifiConnectedAt":0,
               "RSSI":0,
               "Speed":0,
               "Frequency":0,
               "IPFSConnectedAt":1635409046,
               "DisconnectedAt":1635409064
            },
            {
               "BLEDiscoveredAt":1635409156,
               "WifiConnectedAt":0,
               "RSSI":0,
               "Speed":0,
               "Frequency":0,
               "IPFSConnectedAt":1635409161,
               "DisconnectedAt":1635409177
            },
            {
               "BLEDiscoveredAt":1635409284,
               "WifiConnectedAt":0,
               "RSSI":0,
               "Speed":0,
               "Frequency":0,
               "IPFSConnectedAt":1635409292,
               "DisconnectedAt":1635409305
            },
            {
               "BLEDiscoveredAt":1635409305,
               "WifiConnectedAt":0,
               "RSSI":0,
               "Speed":0,
               "Frequency":0,
               "IPFSConnectedAt":1635409309,
               "DisconnectedAt":1635409311
            },
            {
               "BLEDiscoveredAt":1635409413,
               "WifiConnectedAt":0,
               "RSSI":0,
               "Speed":0,
               "Frequency":0,
               "IPFSConnectedAt":1635409416,
               "DisconnectedAt":1635409433
            },
            {
               "BLEDiscoveredAt":1635409433,
               "WifiConnectedAt":0,
               "RSSI":0,
               "Speed":0,
               "Frequency":0,
               "IPFSConnectedAt":1635409443,
               "DisconnectedAt":1635409445
            },
            {
               "BLEDiscoveredAt":1635409541,
               "WifiConnectedAt":0,
               "RSSI":0,
               "Speed":0,
               "Frequency":0,
               "IPFSConnectedAt":1635409544,
               "DisconnectedAt":1635409559
            },
            {
               "BLEDiscoveredAt":1635409563,
               "WifiConnectedAt":0,
               "RSSI":0,
               "Speed":0,
               "Frequency":0,
               "IPFSConnectedAt":1635409565,
               "DisconnectedAt":1635409565
            },
            {
               "BLEDiscoveredAt":1635409690,
               "WifiConnectedAt":0,
               "RSSI":0,
               "Speed":0,
               "Frequency":0,
               "IPFSConnectedAt":1635409753,
               "DisconnectedAt":1635409766
            },
            {
               "BLEDiscoveredAt":1635409798,
               "WifiConnectedAt":0,
               "RSSI":0,
               "Speed":0,
               "Frequency":0,
               "IPFSConnectedAt":1635409807,
               "DisconnectedAt":1635409818
            },
            {
               "BLEDiscoveredAt":1635409819,
               "WifiConnectedAt":0,
               "RSSI":0,
               "Speed":0,
               "Frequency":0,
               "IPFSConnectedAt":1635409823,
               "DisconnectedAt":1635409824
            },
            {
               "BLEDiscoveredAt":1635410123,
               "WifiConnectedAt":0,
               "RSSI":0,
               "Speed":0,
               "Frequency":0,
               "IPFSConnectedAt":1635410141,
               "DisconnectedAt":1635410271
            },
            {
               "BLEDiscoveredAt":1635410472,
               "WifiConnectedAt":0,
               "RSSI":0,
               "Speed":0,
               "Frequency":0,
               "IPFSConnectedAt":1635410479,
               "DisconnectedAt":1635410499
            },
            {
               "BLEDiscoveredAt":1635410627,
               "WifiConnectedAt":0,
               "RSSI":0,
               "Speed":0,
               "Frequency":0,
               "IPFSConnectedAt":1635410639,
               "DisconnectedAt":1635410652
            },
            {
               "BLEDiscoveredAt":1635410762,
               "WifiConnectedAt":0,
               "RSSI":0,
               "Speed":0,
               "Frequency":0,
               "IPFSConnectedAt":1635410765,
               "DisconnectedAt":1635410784
            },
            {
               "BLEDiscoveredAt":1635410896,
               "WifiConnectedAt":0,
               "RSSI":0,
               "Speed":0,
               "Frequency":0,
               "IPFSConnectedAt":1635410908,
               "DisconnectedAt":1635410920
            }
         ]
      }
   },
   "TotalUptime":3930
}