{
   "ContentMatrix":{

   },
   "NodeMatrix":{
      "QmPxH8inBbheKyurZYAdsz2eEFLszoVeVbF1wsFubf6LYS":{
         "ConnectionAlive":false,
         "ConnectionSuccessCount":25,
         "ConnectionFailureCount":0,
         "LastSuccessfulConnectionDuration":9,
         "BLEDiscoveredAt":1636261549,
         "WifiConnectedAt":0,
         "RSSI":0,
         "Speed":0,
         "Frequency":0,
         "IPFSConnectedAt":0,
         "DiscoveryDelays":[
            4,
            5,
            5,
            4,
            9,
            3,
            4,
            4,
            7,
            8,
            4,
            10,
            5,
            7,
            25,
            11,
            14,
            3,
            5,
            11,
            25,
            9,
            3,
            8,
            5,
            9,
            6,
            8,
            7,
            5,
            4,
            7,
            3,
            11,
            4,
            7,
            3,
            5,
            10,
            5,
            5,
            4,
            12,
            3,
            14,
            5,
            7,
            5,
            16,
            10,
            3,
            46,
            11,
            37,
            4,
            14,
            2,
            7,
            4,
            7,
            4,
            7,
            5,
            12,
            4,
            8,
            6,
            5,
            12,
            5,
            13,
            11,
            8,
            12,
            3,
            6,
            4,
            3,
            10,
            6,
            9,
            11,
            4,
            5,
            67,
            18,
            5,
            8,
            4,
            3,
            10,
            3,
            2,
            83,
            8,
            4,
            18,
            7,
            12,
            3
         ],
         "ConnectionHistory":[
            {
               "BLEDiscoveredAt":1635398641,
               "WifiConnectedAt":1635398643,
               "RSSI":-20,
               "Speed":433,
               "Frequency":5745,
               "IPFSConnectedAt":1635398645,
               "DisconnectedAt":1635398657
            },
            {
               "BLEDiscoveredAt":1635398764,
               "WifiConnectedAt":1635398766,
               "RSSI":-20,
               "Speed":433,
               "Frequency":5745,
               "IPFSConnectedAt":1635398769,
               "DisconnectedAt":1635398772
            },
            {
               "BLEDiscoveredAt":1635398785,
               "WifiConnectedAt":1635398787,
               "RSSI":-20,
               "Speed":433,
               "Frequency":5745,
               "IPFSConnectedAt":1635398790,
               "DisconnectedAt":1635398798
            },
            {
               "BLEDiscoveredAt":1635398889,
               "WifiConnectedAt":1635398892,
               "RSSI":-19,
               "Speed":433,
               "Frequency":5745,
               "IPFSConnectedAt":1635398893,
               "DisconnectedAt":1635398897
            },
            {
               "BLEDiscoveredAt":1635398911,
               "WifiConnectedAt":1635398913,
               "RSSI":-20,
               "Speed":433,
               "Frequency":5745,
               "IPFSConnectedAt":1635398920,
               "DisconnectedAt":1635398938
            },
            {
               "BLEDiscoveredAt":1635399016,
               "WifiConnectedAt":1635399018,
               "RSSI":-19,
               "Speed":433,
               "Frequency":5745,
               "IPFSConnectedAt":1635399019,
               "DisconnectedAt":1635399023
            },
            {
               "BLEDiscoveredAt":1635399037,
               "WifiConnectedAt":1635399039,
               "RSSI":-20,
               "Speed":433,
               "Frequency":5745,
               "IPFSConnectedAt":1635399041,
               "DisconnectedAt":1635399052
            },
            {
               "BLEDiscoveredAt":1635399058,
               "WifiConnectedAt":1635399060,
               "RSSI":-19,
               "Speed":433,
               "Frequency":5745,
               "IPFSConnectedAt":1635399062,
               "DisconnectedAt":1635399064
            },
            {
               "BLEDiscoveredAt":1635399142,
               "WifiConnectedAt":1635399144,
               "RSSI":-20,
               "Speed":433,
               "Frequency":5745,
               "IPFSConnectedAt":1635399149,
               "DisconnectedAt":1635399150
            },
            {
               "BLEDiscoveredAt":1635399163,
               "WifiConnectedAt":1635399165,
               "RSSI":-20,
               "Speed":433,
               "Frequency":5745,
               "IPFSConnectedAt":1635399171,
               "DisconnectedAt":1635399184
            },
            {
               "BLEDiscoveredAt":1635399184,
               "WifiConnectedAt":1635399187,
               "RSSI":-20,
               "Speed":433,
               "Frequency":5745,
               "IPFSConnectedAt":1635399188,
               "DisconnectedAt":1635399190
            },
            {
               "BLEDiscoveredAt":1635399268,
               "WifiConnectedAt":1635399270,
               "RSSI":-20,
               "Speed":433,
               "Frequency":5745,
               "IPFSConnectedAt":1635399278,
               "DisconnectedAt":1635399290
            },
            {
               "BLEDiscoveredAt":1635399395,
               "WifiConnectedAt":1635399398,
               "RSSI":-20,
               "Speed":433,
               "Frequency":5745,
               "IPFSConnectedAt":1635399400,
               "DisconnectedAt":1635399400
            },
            {
               "BLEDiscoveredAt":1635399415,
               "WifiConnectedAt":1635399418,
               "RSSI":-19,
               "Speed":433,
               "Frequency":5745,
               "IPFSConnectedAt":1635399422,
               "DisconnectedAt":1635399439
            },
            {
               "BLEDiscoveredAt":1635399521,
               "WifiConnectedAt":1635399527,
               "RSSI":-20,
               "Speed":433,
               "Frequency":5745,
               "IPFSConnectedAt":1635399546,
               "DisconnectedAt":1635399552
            },
            {
               "BLEDiscoveredAt":1635399647,
               "WifiConnectedAt":1635399649,
               "RSSI":-20,
               "Speed":433,
               "Frequency":5745,
               "IPFSConnectedAt":1635399658,
               "DisconnectedAt":1635399669
            },
            {
               "BLEDiscoveredAt":1635399773,
               "WifiConnectedAt":1635399775,
               "RSSI":-20,
               "Speed":433,
               "Frequency":5745,
               "IPFSConnectedAt":1635399787,
               "DisconnectedAt":1635399795
            },
            {
               "BLEDiscoveredAt":1635399899,
               "WifiConnectedAt":1635399901,
               "RSSI":-13,
               "Speed":433,
               "Frequency":5745,
               "IPFSConnectedAt":1635399902,
               "DisconnectedAt":1635399903
            },
            {
               "BLEDiscoveredAt":1635399920,
               "WifiConnectedAt":1635399923,
               "RSSI":-13,
               "Speed":433,
               "Frequency":5745,
               "IPFSConnectedAt":1635399925,
               "DisconnectedAt":1635399931
            },
            {
               "BLEDiscoveredAt":1635400026,
               "WifiConnectedAt":1635400028,
               "RSSI":-20,
               "Speed":433,
               "Frequency":5745,
               "IPFSConnectedAt":1635400037,
               "DisconnectedAt":1635400047
            },
            {
               "BLEDiscoveredAt":1635400151,
               "WifiConnectedAt":1635400154,
               "RSSI":-20,
               "Speed":433,
               "Frequency":5745,
               "IPFSConnectedAt":1635400176,
               "DisconnectedAt":1635400183
            },
            {
               "BLEDiscoveredAt":1635400278,
               "WifiConnectedAt":1635400280,
               "RSSI":-12,
               "Speed":433,
               "Frequency":5745,
               "IPFSConnectedAt":1635400287,
               "DisconnectedAt":1635400300
            },
            {
               "BLEDiscoveredAt":1635400405,
               "WifiConnectedAt":1635400407,
               "RSSI":-20,
               "Speed":433,
               "Frequency":5745,
               "IPFSConnectedAt":1635400408,
               "DisconnectedAt":1635400410
            },
            {
               "BLEDiscoveredAt":1635400425,
               "WifiConnectedAt":1635400428,
               "RSSI":-19,
               "Speed":433,
               "Frequency":5745,
               "IPFSConnectedAt":1635400433,
               "DisconnectedAt":1635400446
            },
            {
               "BLEDiscoveredAt":1635400530,
               "WifiConnectedAt":1635400533,
               "RSSI":-19,
               "Speed":433,
               "Frequency":5745,
               "IPFSConnectedAt":1635400535,
               "DisconnectedAt":1635400546
            },
            {
               "BLEDiscoveredAt":1635400552,
               "WifiConnectedAt":1635400555,
               "RSSI":-20,
               "Speed":433,
               "Frequency":5745,
               "IPFSConnectedAt":1635400561,
               "DisconnectedAt":1635400574
            },
            {
               "BLEDiscoveredAt":1635400658,
               "WifiConnectedAt":1635400660,
               "RSSI":-20,
               "Speed":433,
               "Frequency":5745,
               "IPFSConnectedAt":1635400664,
               "DisconnectedAt":1635400665
            },
            {
               "BLEDiscoveredAt":1635400678,
               "WifiConnectedAt":1635400681,
               "RSSI":-20,
               "Speed":433,
               "Frequency":5745,
               "IPFSConnectedAt":1635400686,
               "DisconnectedAt":1635400699
            },
            {
               "BLEDiscoveredAt":1635400784,
               "WifiConnectedAt":1635400787,
               "RSSI":-19,
               "Speed":433,
               "Frequency":5745,
               "IPFSConnectedAt":1635400791,
               "DisconnectedAt":1635400791
            },
            {
               "BLEDiscoveredAt":1635400805,
               "WifiConnectedAt":1635400807,
               "RSSI":-19,
               "Speed":433,
               "Frequency":5745,
               "IPFSConnectedAt":1635400810,
               "DisconnectedAt":1635400817
            },
            {
               "BLEDiscoveredAt":1635400910,
               "WifiConnectedAt":1635400913,
               "RSSI":-12,
               "Speed":433,
               "Frequency":5745,
               "IPFSConnectedAt":1635400914,
               "DisconnectedAt":1635400915
            },
            {
               "BLEDiscoveredAt":1635400931,
               "WifiConnectedAt":1635400934,
               "RSSI":-19,
               "Speed":433,
               "Frequency":5745,
               "IPFSConnectedAt":1635400938,
               "DisconnectedAt":1635400943
            },
            {
               "BLEDiscoveredAt":1635401037,
               "WifiConnectedAt":1635401039,
               "RSSI":-20,
               "Speed":433,
               "Frequency":5745,
               "IPFSConnectedAt":1635401040,
               "DisconnectedAt":1635401042
            },
            {
               "BLEDiscoveredAt":1635401058,
               "WifiConnectedAt":1635401065,
               "RSSI":-20,
               "Speed":433,
               "Frequency":5745,
               "IPFSConnectedAt":1635401069,
               "DisconnectedAt":1635401079
            },
            {
               "BLEDiscoveredAt":1635401163,
               "WifiConnectedAt":1635401166,
               "RSSI":-20,
               "Speed":433,
               "Frequency":5745,
               "IPFSConnectedAt":1635401167,
               "DisconnectedAt":1635401168
            },
            {
               "BLEDiscoveredAt":1635401184,
               "WifiConnectedAt":1635401186,
               "RSSI":-20,
               "Speed":433,
               "Frequency":5745,
               "IPFSConnectedAt":1635401191,
               "DisconnectedAt":1635401205
            },
            {
               "BLEDiscoveredAt":1635401205,
               "WifiConnectedAt":1635401205,
               "RSSI":-20,
               "Speed":433,
               "Frequency":5745,
               "IPFSConnectedAt":1635401208,
               "DisconnectedAt":1635401208
            },
            {
               "BLEDiscoveredAt":1635401289,
               "WifiConnectedAt":1635401292,
               "RSSI":-13,
               "Speed":433,
               "Frequency":5745,
               "IPFSConnectedAt":1635401294,
               "DisconnectedAt":1635401295
            },
            {
               "BLEDiscoveredAt":1635401310,
               "WifiConnectedAt":1635401313,
               "RSSI":-20,
               "Speed":433,
               "Frequency":5745,
               "IPFSConnectedAt":1635401320,
               "DisconnectedAt":1635401332
            },
            {
               "BLEDiscoveredAt":1635401416,
               "WifiConnectedAt":1635401418,
               "RSSI":-20,
               "Speed":433,
               "Frequency":5745,
               "IPFSConnectedAt":1635401421,
               "DisconnectedAt":1635401423
            },
            {
               "BLEDiscoveredAt":1635401437,
               "WifiConnectedAt":1635401440,
               "RSSI":-20,
               "Speed":433,
               "Frequency":5745,
               "IPFSConnectedAt":1635401442,
               "DisconnectedAt":1635401449
            },
            {
               "BLEDiscoveredAt":1635401542,
               "WifiConnectedAt":1635401545,
               "RSSI":-19,
               "Speed":433,
               "Frequency":5745,
               "IPFSConnectedAt":1635401546,
               "DisconnectedAt":1635401547
            },
            {
               "BLEDiscoveredAt":1635401564,
               "WifiConnectedAt":1635401566,
               "RSSI":-19,
               "Speed":433,
               "Frequency":5745,
               "IPFSConnectedAt":1635401576,
               "DisconnectedAt":1635401587
            },
            {
               "BLEDiscoveredAt":1635401669,
               "WifiConnectedAt":1635401671,
               "RSSI":-19,
               "Speed":433,
               "Frequency":5745,
               "IPFSConnectedAt":1635401672,
               "DisconnectedAt":1635401673
            },
            {
               "BLEDiscoveredAt":1635401690,
               "WifiConnectedAt":1635401693,
               "RSSI":-19,
               "Speed":433,
               "Frequency":5745,
               "IPFSConnectedAt":1635401704,
               "DisconnectedAt":1635401714
            },
            {
               "BLEDiscoveredAt":1635401796,
               "WifiConnectedAt":1635401798,
               "RSSI":-19,
               "Speed":433,
               "Frequency":5745,
               "IPFSConnectedAt":1635401801,
               "DisconnectedAt":1635401801
            },
            {
               "BLEDiscoveredAt":1635401816,
               "WifiConnectedAt":1635401819,
               "RSSI":-19,
               "Speed":433,
               "Frequency":5745,
               "IPFSConnectedAt":1635401823,
               "DisconnectedAt":1635401838
            },
            {
               "BLEDiscoveredAt":1635401922,
               "WifiConnectedAt":1635401924,
               "RSSI":-19,
               "Speed":433,
               "Frequency":5745,
               "IPFSConnectedAt":1635401927,
               "DisconnectedAt":1635401929
            },
            {
               "BLEDiscoveredAt":1635401944,
               "WifiConnectedAt":1635401946,
               "RSSI":-20,
               "Speed":433,
               "Frequency":5745,
               "IPFSConnectedAt":1635401960,
               "DisconnectedAt":1635401966
            },
            {
               "BLEDiscoveredAt":1635402697,
               "WifiConnectedAt":1635402699,
               "RSSI":-20,
               "Speed":433,
               "Frequency":5745,
               "IPFSConnectedAt":1635402707,
               "DisconnectedAt":1635402724
            },
            {
               "BLEDiscoveredAt":1635402823,
               "WifiConnectedAt":1635402825,
               "RSSI":-20,
               "Speed":433,
               "Frequency":5745,
               "IPFSConnectedAt":1635402826,
               "DisconnectedAt":1635402838
            },
            {
               "BLEDiscoveredAt":1635402844,
               "WifiConnectedAt":1635402846,
               "RSSI":-20,
               "Speed":433,
               "Frequency":5745,
               "IPFSConnectedAt":1635402890,
               "DisconnectedAt":1635402899
            },
            {
               "BLEDiscoveredAt":1635402949,
               "WifiConnectedAt":1635402952,
               "RSSI":-20,
               "Speed":433,
               "Frequency":5745,
               "IPFSConnectedAt":1635402960,
               "DisconnectedAt":1635402971
            },
            {
               "BLEDiscoveredAt":1635402971,
               "WifiConnectedAt":1635402979,
               "RSSI":-20,
               "Speed":433,
               "Frequency":5745,
               "IPFSConnectedAt":1635403008,
               "DisconnectedAt":1635403010
            },
            {
               "BLEDiscoveredAt":1635403076,
               "WifiConnectedAt":1635403079,
               "RSSI":-20,
               "Speed":433,
               "Frequency":5745,
               "IPFSConnectedAt":1635403080,
               "DisconnectedAt":1635403092
            },
            {
               "BLEDiscoveredAt":1635403097,
               "WifiConnectedAt":1635403100,
               "RSSI":-19,
               "Speed":433,
               "Frequency":5745,
               "IPFSConnectedAt":1635403111,
               "DisconnectedAt":1635403121
            },
            {
               "BLEDiscoveredAt":1635403204,
               "WifiConnectedAt":1635403206,
               "RSSI":-19,
               "Speed":433,
               "Frequency":5745,
               "IPFSConnectedAt":1635403206,
               "DisconnectedAt":1635403208
            },
            {
               "BLEDiscoveredAt":1635403224,
               "WifiConnectedAt":1635403226,
               "RSSI":-19,
               "Speed":433,
               "Frequency":5745,
               "IPFSConnectedAt":1635403231,
               "DisconnectedAt":1635403245
            },
            {
               "BLEDiscoveredAt":1635403330,
               "WifiConnectedAt":1635403333,
               "RSSI":-19,
               "Speed":433,
               "Frequency":5745,
               "IPFSConnectedAt":1635403334,
               "DisconnectedAt":1635403335
            },
            {
               "BLEDiscoveredAt":1635403351,
               "WifiConnectedAt":1635403353,
               "RSSI":-20,
               "Speed":433,
               "Frequency":5745,
               "IPFSConnectedAt":1635403358,
               "DisconnectedAt":1635403375
            },
            {
               "BLEDiscoveredAt":1635403457,
               "WifiConnectedAt":1635403459,
               "RSSI":-20,
               "Speed":433,
               "Frequency":5745,
               "IPFSConnectedAt":1635403461,
               "DisconnectedAt":1635403461
            },
            {
               "BLEDiscoveredAt":1635403477,
               "WifiConnectedAt":1635403480,
               "RSSI":-20,
               "Speed":433,
               "Frequency":5745,
               "IPFSConnectedAt":1635403484,
               "DisconnectedAt":1635403498
            },
            {
               "BLEDiscoveredAt":1635403498,
               "WifiConnectedAt":1635403501,
               "RSSI":-19,
               "Speed":433,
               "Frequency":5745,
               "IPFSConnectedAt":1635403503,
               "DisconnectedAt":1635403504
            },
            {
               "BLEDiscoveredAt":1635403583,
               "WifiConnectedAt":1635403586,
               "RSSI":-19,
               "Speed":433,
               "Frequency":5745,
               "IPFSConnectedAt":1635403595,
               "DisconnectedAt":1635403605
            },
            {
               "BLEDiscoveredAt":1635403711,
               "WifiConnectedAt":1635403713,
               "RSSI":-20,
               "Speed":433,
               "Frequency":5745,
               "IPFSConnectedAt":1635403715,
               "DisconnectedAt":1635403715
            },
            {
               "BLEDiscoveredAt":1635403731,
               "WifiConnectedAt":1635403734,
               "RSSI":-20,
               "Speed":433,
               "Frequency":5745,
               "IPFSConnectedAt":1635403739,
               "DisconnectedAt":1635403753
            },
            {
               "BLEDiscoveredAt":1635403753,
               "WifiConnectedAt":1635403755,
               "RSSI":-20,
               "Speed":433,
               "Frequency":5745,
               "IPFSConnectedAt":1635403759,
               "DisconnectedAt":1635403761
            },
            {
               "BLEDiscoveredAt":1635403837,
               "WifiConnectedAt":1635403839,
               "RSSI":-20,
               "Speed":433,
               "Frequency":5745,
               "IPFSConnectedAt":1635403842,
               "DisconnectedAt":1635403842
            },
            {
               "BLEDiscoveredAt":1635403859,
               "WifiConnectedAt":1635403861,
               "RSSI":-20,
               "Speed":433,
               "Frequency":5745,
               "IPFSConnectedAt":1635403871,
               "DisconnectedAt":1635403882
            },
            {
               "BLEDiscoveredAt":1635403964,
               "WifiConnectedAt":1635403966,
               "RSSI":-20,
               "Speed":433,
               "Frequency":5745,
               "IPFSConnectedAt":1635403969,
               "DisconnectedAt":1635403969
            },
            {
               "BLEDiscoveredAt":1635403986,
               "WifiConnectedAt":1635403993,
               "RSSI":-20,
               "Speed":433,
               "Frequency":5745,
               "IPFSConnectedAt":1635403999,
               "DisconnectedAt":1635404009
            },
            {
               "BLEDiscoveredAt":1635404091,
               "WifiConnectedAt":1635404097,
               "RSSI":-20,
               "Speed":433,
               "Frequency":5745,
               "IPFSConnectedAt":1635404102,
               "DisconnectedAt":1635404112
            },
            {
               "BLEDiscoveredAt":1635404218,
               "WifiConnectedAt":1635404220,
               "RSSI":-20,
               "Speed":433,
               "Frequency":5745,
               "IPFSConnectedAt":1635404226,
               "DisconnectedAt":1635404227
            },
            {
               "BLEDiscoveredAt":1635404240,
               "WifiConnectedAt":1635404242,
               "RSSI":-20,
               "Speed":433,
               "Frequency":5745,
               "IPFSConnectedAt":1635404252,
               "DisconnectedAt":1635404266
            },
            {
               "BLEDiscoveredAt":1635404345,
               "WifiConnectedAt":1635404347,
               "RSSI":-13,
               "Speed":433,
               "Frequency":5745,
               "IPFSConnectedAt":1635404348,
               "DisconnectedAt":1635404349
            },
            {
               "BLEDiscoveredAt":1635404366,
               "WifiConnectedAt":1635404369,
               "RSSI":-20,
               "Speed":433,
               "Frequency":5745,
               "IPFSConnectedAt":1635404372,
               "DisconnectedAt":1635404388
            },
            {
               "BLEDiscoveredAt":1635404472,
               "WifiConnectedAt":1635404474,
               "RSSI":-20,
               "Speed":433,
               "Frequency":5745,
               "IPFSConnectedAt":1635404476,
               "DisconnectedAt":1635404476
            },
            {
               "BLEDiscoveredAt":1635404969,
               "WifiConnectedAt":1635404971,
               "RSSI":-24,
               "Speed":433,
               "Frequency":5745,
               "IPFSConnectedAt":1635404972,
               "DisconnectedAt":1635405097
            },
            {
               "BLEDiscoveredAt":1635405802,
               "WifiConnectedAt":1635405804,
               "RSSI":-25,
               "Speed":433,
               "Frequency":5745,
               "IPFSConnectedAt":1635405812,
               "DisconnectedAt":1635405828
            },
            {
               "BLEDiscoveredAt":1635405952,
               "WifiConnectedAt":1635405954,
               "RSSI":-25,
               "Speed":433,
               "Frequency":5745,
               "IPFSConnectedAt":1635405958,
               "DisconnectedAt":1635405978
            },
            {
               "BLEDiscoveredAt":1635406058,
               "WifiConnectedAt":1635406061,
               "RSSI":-24,
               "Speed":433,
               "Frequency":5745,
               "IPFSConnectedAt":1635406067,
               "DisconnectedAt":1635406080
            },
            {
               "BLEDiscoveredAt":1635406206,
               "WifiConnectedAt":1635406209,
               "RSSI":-23,
               "Speed":433,
               "Frequency":5745,
               "IPFSConnectedAt":1635406217,
               "DisconnectedAt":1635406229
            },
            {
               "BLEDiscoveredAt":1635406334,
               "WifiConnectedAt":1635406337,
               "RSSI":-24,
               "Speed":433,
               "Frequency":5745,
               "IPFSConnectedAt":1635406338,
               "DisconnectedAt":1635406346
            },
            {
               "BLEDiscoveredAt":1635408425,
               "WifiConnectedAt":1635408427,
               "RSSI":-23,
               "Speed":433,
               "Frequency":5745,
               "IPFSConnectedAt":1635408430,
               "DisconnectedAt":1635408522
            },
            {
               "BLEDiscoveredAt":1635408878,
               "WifiConnectedAt":1635408881,
               "RSSI":-21,
               "Speed":433,
               "Frequency":5745,
               "IPFSConnectedAt":1635408945,
               "DisconnectedAt":1635408963
            },
            {
               "BLEDiscoveredAt":1635411165,
               "WifiConnectedAt":1635411168,
               "RSSI":-22,
               "Speed":433,
               "Frequency":5745,
               "IPFSConnectedAt":1635411170,
               "DisconnectedAt":1635411177
            },
            {
               "BLEDiscoveredAt":1635411299,
               "WifiConnectedAt":1635411307,
               "RSSI":-22,
               "Speed":433,
               "Frequency":5745,
               "IPFSConnectedAt":1635411309,
               "DisconnectedAt":1635411320
            },
            {
               "BLEDiscoveredAt":1635411320,
               "WifiConnectedAt":1635411321,
               "RSSI":-22,
               "Speed":433,
               "Frequency":5745,
               "IPFSConnectedAt":1635411326,
               "DisconnectedAt":1635411328
            },
            {
               "BLEDiscoveredAt":1635411433,
               "WifiConnectedAt":1635411441,
               "RSSI":-23,
               "Speed":433,
               "Frequency":5745,
               "IPFSConnectedAt":1635411463,
               "DisconnectedAt":1635411475
            },
            {
               "BLEDiscoveredAt":1635411569,
               "WifiConnectedAt":1635411571,
               "RSSI":-22,
               "Speed":433,
               "Frequency":5745,
               "IPFSConnectedAt":1635411573,
               "DisconnectedAt":1635411585
            },
            {
               "BLEDiscoveredAt":1635411702,
               "WifiConnectedAt":1635411705,
               "RSSI":-22,
               "Speed":433,
               "Frequency":5745,
               "IPFSConnectedAt":1635411706,
               "DisconnectedAt":1635411714
            },
            {
               "BLEDiscoveredAt":1635411862,
               "WifiConnectedAt":1635411865,
               "RSSI":-22,
               "Speed":433,
               "Frequency":5745,
               "IPFSConnectedAt":1635411878,
               "DisconnectedAt":1635411889
            },
            {
               "BLEDiscoveredAt":1635411995,
               "WifiConnectedAt":1635411997,
               "RSSI":-22,
               "Speed":433,
               "Frequency":5745,
               "IPFSConnectedAt":1635411999,
               "DisconnectedAt":1635412010
            },
            {
               "BLEDiscoveredAt":1635412128,
               "WifiConnectedAt":1635412130,
               "RSSI":-21,
               "Speed":433,
               "Frequency":5745,
               "IPFSConnectedAt":1635412133,
               "DisconnectedAt":1635412144
            },
            {
               "BLEDiscoveredAt":1635412259,
               "WifiConnectedAt":1635412266,
               "RSSI":-22,
               "Speed":433,
               "Frequency":5745,
               "IPFSConnectedAt":1635412279,
               "DisconnectedAt":1635412290
            },
            {
               "BLEDiscoveredAt":1635412389,
               "WifiConnectedAt":1635412397,
               "RSSI":-22,
               "Speed":433,
               "Frequency":5745,
               "IPFSConnectedAt":1635412399,
               "DisconnectedAt":1635412410
            },
            {
               "BLEDiscoveredAt":1635412411,
               "WifiConnectedAt":1635412413,
               "RSSI":-14,
               "Speed":433,
               "Frequency":5745,
               "IPFSConnectedAt":1635412415,
               "DisconnectedAt":1635412416
            },
            {
               "BLEDiscoveredAt":1635412520,
               "WifiConnectedAt":1635412523,
               "RSSI":-21,
               "Speed":433,
               "Frequency":5745,
               "IPFSConnectedAt":1635412532,
               "DisconnectedAt":1635412543
            },
            {
               "BLEDiscoveredAt":1635412651,
               "WifiConnectedAt":1635412654,
               "RSSI":-22,
               "Speed":433,
               "Frequency":5745,
               "IPFSConnectedAt":1635412660,
               "DisconnectedAt":1635412671
            },
            {
               "BLEDiscoveredAt":1635412672,
               "WifiConnectedAt":1635412680,
               "RSSI":-21,
               "Speed":433,
               "Frequency":5745,
               "IPFSConnectedAt":1635412692,
               "DisconnectedAt":1635412693
            }
         ]
      }
   },
   "TotalUptime":2910
}